
                         MODELLER 10.4, 2022/10/28, r12463

     PROTEIN STRUCTURE MODELLING BY SATISFACTION OF SPATIAL RESTRAINTS


                     Copyright(c) 1989-2022 Andrej Sali
                            All Rights Reserved

                             Written by A. Sali
                               with help from
              B. Webb, M.S. Madhusudhan, M-Y. Shen, G.Q. Dong,
          M.A. Marti-Renom, N. Eswar, F. Alber, M. Topf, B. Oliva,
             A. Fiser, R. Sanchez, B. Yerkovich, A. Badretdinov,
                     F. Melo, J.P. Overington, E. Feyfant
                 University of California, San Francisco, USA
                    Rockefeller University, New York, USA
                      Harvard University, Cambridge, USA
                   Imperial Cancer Research Fund, London, UK
              Birkbeck College, University of London, London, UK


Kind, OS, HostName, Kernel, Processor: 4, Windows Vista build 9200, DESKTOP-IQ47J9A, SMP, unknown
Date and time of compilation         : 2022/10/28 21:14:25
MODELLER executable type             : x86_64-w64
Job starting time (YY/MM/DD HH:MM:SS): 2023/05/08 13:45:10


Multiple dynamic programming alignment (MALIGN):
  Residue-residue metric  : $(LIB)/as1.sim.mat
  ALIGN_BLOCK             :            1
  Gap introduction penalty:    -900.0000
  Gap extension penalty   :     -50.0000
  Length of alignment     :          309
# Sequence alignment of the structurally conserved regions
# [average distance and standard deviation are with respect
#  to the framework (i.e., average structure)]
#
#  N av ds st dv   p1A    p2A    p3A    p4A    p5A    p6A    
# ===========================================================
   1 0.427 0.373   N   8  G   6  N  11  D   3  D   3  D   3  
   2 0.259 0.238   L   9  L   7  L  12  M   4  M   4  M   4  
   3 0.328 0.170   K  10  M   8  M  13  K   5  K   5  K   5  
   4 0.242 0.133   I  11  V   9  L  14  L   6  L   6  L   6  
   5 0.267 0.156 * F  12  F  10  F  15  F   7  F   7  F   7  
   6 0.302 0.110   S  13  T  11  A  16  A   8  A   8  A   8  
   7 0.151 0.074   L  14  G  12  G  17  G   9  G   9  G   9  
   8 0.432 0.325   N  15  N  13  R  18  N  10  N  10  N  10  
   9 0.546 0.466   S  16  A  14  A  19  A  11  A  11  A  11  
  10 0.605 0.374   N  17  N  15  H  20  T  12  T  12  T  12  
  11 0.496 0.302 * P  18  P  16  P  21  P  13  P  13  P  13  
  12 0.454 0.183   E  19  A  17  E  22  E  14  E  14  E  14  
  13 0.338 0.190 * L  20  L  18  L  23  L  15  L  15  L  15  
  14 0.391 0.259 * A  21  A  19  A  24  A  16  A  16  A  16  
  15 0.358 0.229   K  22  Q  20  D  25  Q  17  Q  17  Q  17  
  16 0.316 0.190   E  23  E  21  Q  26  R  18  R  18  R  18  
  17 0.304 0.155   I  24  V  22  V  27  I  19  I  19  I  19  
  18 0.360 0.149   A  25  V  23  A  28  A  20  A  20  A  20  
  19 0.315 0.165   D  26  K  24  K  29  N  21  N  21  N  21  
  20 0.307 0.143   I  27  I  25  E  30  R  22  R  22  R  22  
  21 0.307 0.096   V  28  L  26  L  31  L  23  L  23  L  23  
  22 0.621 0.140   G  29  G  27  D  32  Y  24  Y  24  Y  24  
  23 0.624 0.052   V  30  I  28  V  33  T  25  T  25  T  25  
  24 0.469 0.120   Q  31  P  29  A  34  S  26  S  26  S  26  
  25 0.330 0.191   L  32  L  30  V  35  L  27  L  27  L  27  
  26 0.398 0.133   G  33  G  31  T  36  G  28  G  28  G  28  
  27 0.510 0.179   K  34  K  32  A  37  D  29  D  29  D  29  
  28 0.606 0.338   C  35  A  33  Q  38  A  30  A  30  A  30  
  29 0.514 0.296   S  36  M  34  T  39  A  31  A  31  A  31  
  30 0.651 0.226   V  37  V  35  A  40  V  32  V  32  V  32  
  31 0.936 0.410   T  38  S  36  R  41  G  33  G  33  G  33  
  32 0.338 0.108   R  39  R  37  D  42  R  34  R  34  R  34  
  33 0.630 0.275 * F  40  F  38  F  43  F  35  F  35  F  35  
  34 0.937 0.523   S  41  S  39  A  44  S  36  S  36  S  36  
  35 0.672 0.447   D  42  D  40  N  45  D  37  D  37  D  37  
  36 0.653 0.372 * G  43  G  41  G  46  G  38  G  38  G  38  
  37 0.375 0.200 * E  44  E  42  E  47  E  39  E  39  E  39  
  38 0.392 0.164   V  45  I  43  I  48  V  40  V  40  V  40  
  39 0.510 0.287   Q  46  Q  44  F  49  S  41  S  41  S  41  
  40 0.289 0.092   I  47  V  45  V  50  V  42  V  42  V  42  
  41 0.271 0.111   N  48  E  46  R  51  Q  43  Q  43  Q  43  
  42 0.372 0.123   I  49  I  47  F  52  I  44  I  44  I  44  
  43 0.466 0.185   E  50  Q  48  D  53  N  45  N  45  N  45  
  44 0.528 0.151 * E  51  E  49  E  54  E  46  E  46  E  46  
  45 0.546 0.247   S  52  N  50  S  55  N  47  N  47  N  47  
  46 0.449 0.087   I  53  V  51  V  56  V  48  V  48  V  48  
  47 0.458 0.096 * R  54  R  52  R  57  R  49  R  49  R  49  
  48 0.460 0.130 * G  55  G  53  G  58  G  50  G  50  G  50  
  49 0.385 0.118   C  56  K  54  C  59  G  51  G  51  G  51  
  50 0.319 0.206 * D  57  D  55  D  60  D  52  D  52  D  52  
  51 0.260 0.172   C  58  V  56  A  61  I  53  I  53  I  53  
  52 0.244 0.089   Y  59  F  57  F  62  F  54  F  54  F  54  
  53 0.213 0.124   I  60  V  58  V  63  I  55  I  55  I  55  
  54 0.260 0.134   I  61  L  59  L  64  I  56  I  56  I  56  
  55 0.296 0.142 * Q  62  Q  60  Q  65  Q  57  Q  57  Q  57  
  56 0.580 0.469 * S  63  S  61  S  66  S  58  S  58  S  58  
  57 0.748 0.622   T  64  T  62  H  67  T  59  T  59  T  59  
  58 0.785 0.687   S  65  C  63  P  68  C  60  C  60  C  60  
  59 0.528 0.441   D  66  A  64  A  69  A  61  A  61  A  61  
  60 0.452 0.314 * P  67  P  65  P  70  P  62  P  62  P  62  
  61 0.356 0.270   V  68  T  66  L  71  T  63  T  63  T  63  
  62 0.235 0.101 * N  69  N  67  N  72  N  64  N  64  N  64  
  63 0.186 0.125   E  70  D  68  Q  73  D  65  D  65  D  65  
  64 0.179 0.162   H  71  N  69  W  74  N  66  N  66  N  66  
  65 0.153 0.095   I  72  L  70  L  75  L  67  L  67  L  67  
  66 0.214 0.080 * M  73  M  71  M  76  M  68  M  68  M  68  
  67 0.234 0.101 * E  74  E  72  E  77  E  69  E  69  E  69  
  68 0.171 0.043   L  75  L  73  Q  78  L  70  L  70  L  70  
  69 0.280 0.165   L  76  M  74  L  79  V  71  V  71  V  71  
  70 0.318 0.163   I  77  I  75  I  80  V  72  V  72  V  72  
  71 0.302 0.126 * M  78  M  76  M  81  M  73  M  73  M  73  
  72 0.267 0.110   V  79  V  77  I  82  V  74  V  74  V  74  
  73 0.330 0.145 * D  80  D  78  D  83  D  75  D  75  D  75  
  74 0.384 0.214 * A  81  A  79  A  84  A  76  A  76  A  76  
  75 0.398 0.239 * L  82  L  80  L  85  L  77  L  77  L  77  
  76 0.365 0.224   K  83  K  81  K  86  R  78  R  78  R  78  
  77 0.416 0.223 * R  84  R  82  R  87  R  79  R  79  R  79  
  78 0.475 0.221   A  85  A  83  G  88  A  80  A  80  A  80  
  79 0.459 0.152 * S  86  S  84  S  89  S  81  S  81  S  81  
  80 0.404 0.137 * A  87  A  85  A  90  A  82  A  82  A  82  
  81 0.349 0.184   K  88  G  86  K  91  G  83  G  83  G  83  
  82 0.402 0.185   T  89  R  87  R  92  R  84  R  84  R  84  
  83 0.339 0.179 * I  90  I  88  I  93  I  85  I  85  I  85  
  84 0.322 0.151   N  91  T  89  T  94  T  86  T  86  T  86  
  85 0.289 0.177   I  92  A  90  A  95  A  87  A  87  A  87  
  86 0.354 0.231   V  93  A  91  I  96  V  88  V  88  V  88  
  87 0.388 0.276   I  94  I  92  L  97  I  89  I  89  I  89  
  88 0.379 0.186 * P  95  P  93  P  98  P  90  P  90  P  90  
  89 0.269 0.123   Y  96  Y  94  F  99  Y  91  Y  91  Y  91  
  90 0.283 0.133   Y  97  F  95  Y 100  F  92  F  92  F  92  
  91 0.364 0.302   G  98  G  96  P 101  G  93  G  93  G  93  
  92 0.307 0.214 * Y  99  Y  97  Y 102  Y  94  Y  94  Y  94  
  93 0.372 0.200 * A 100  A  98  A 103  A  95  A  95  A  95  
  94 0.379 0.254 * R 101  R  99  R 104  R  96  R  96  R  96  
  95 0.421 0.187 * Q 102  Q 100  Q 105  Q  97  Q  97  Q  97  
  96 0.528 0.215 * D 103  D 101  D 106  D  98  D  98  D  98  
  97 0.622 0.308   R 104  R 102  K 107  R  99  R  99  R  99  
  98 0.653 0.185   K 105  R 103  K 108  R 100  R 100  R 100  
# ===========================================================
  99 1.003 0.496   S 108  A 107  G 111  A 104  A 104  A 104  
 100 0.691 0.363 * R 109  R 108  R 112  R 105  R 105  R 105  
 101 0.683 0.288   E 110  V 109  E 113  V 106  V 106  V 106  
 102 0.585 0.207   P 111  A 110  P 114  P 107  P 107  P 107  
 103 0.532 0.219 * I 112  I 111  I 115  I 108  I 108  I 108  
 104 0.473 0.203   T 113  S 112  S 116  T 109  T 109  T 109  
 105 0.473 0.208 * A 114  A 113  A 117  A 110  A 110  A 110  
 106 0.575 0.238   K 115  K 114  R 118  K 111  K 111  K 111  
 107 0.547 0.247   L 116  V 115  L 119  V 112  V 112  V 112  
 108 0.397 0.186   F 117  V 116  V 120  V 113  V 113  V 113  
 109 0.413 0.173 * A 118  A 117  A 121  A 114  A 114  A 114  
 110 0.477 0.177   N 119  N 118  D 122  D 115  D 115  D 115  
 111 0.342 0.184   L 120  M 119  L 123  F 116  F 116  F 116  
 112 0.278 0.110 * L 121  L 120  L 124  L 117  L 117  L 117  
 113 0.343 0.117   E 122  E 121  K 125  S 118  S 118  S 118  
 114 0.323 0.127   T 123  I 122  T 126  S 119  S 119  S 119  
 115 0.463 0.092   A 124  A 123  A 127  V 120  V 120  V 120  
 116 0.426 0.104 * G 125  G 124  G 128  G 121  G 121  G 121  
 117 0.263 0.111   A 126  V 125  A 129  V 122  V 122  V 122  
 118 0.446 0.219   T 127  E 126  D 130  D 123  D 123  D 123  
 119 0.288 0.096 * R 128  R 127  R 131  R 124  R 124  R 124  
 120 0.351 0.242   V 129  I 128  I 132  V 125  V 125  V 125  
 121 0.367 0.237   I 130  I 129  V 133  L 126  L 126  L 126  
 122 0.389 0.230   A 131  T 130  S 134  T 127  T 127  T 127  
 123 0.327 0.137   L 132  M 131  V 135  V 128  V 128  V 128  
 124 0.245 0.157 * D 133  D 132  D 136  D 129  D 129  D 129  
 125 0.257 0.171 * L 134  L 133  L 137  L 130  L 130  L 130  
 126 0.293 0.189 * H 135  H 134  H 138  H 131  H 131  H 131  
 127 0.579 0.258   A 136  A 135  T 139  A 132  A 132  A 132  
 128 0.644 0.337   P 137  D 136  D 140  E 133  E 133  E 133  
 129 0.634 0.439 * Q 138  Q 137  Q 141  Q 134  Q 134  Q 134  
 130 0.600 0.297 * I 139  I 138  I 142  I 135  I 135  I 135  
 131 0.604 0.348 * Q 140  Q 139  Q 143  Q 136  Q 136  Q 136  
 132 0.661 0.399 * G 141  G 140  G 144  G 137  G 137  G 137  
 133 0.587 0.348 * F 142  F 141  F 145  F 138  F 138  F 138  
 134 0.502 0.263 * F 143  F 142  F 146  F 139  F 139  F 139  
 135 0.394 0.241 * D 144  D 143  D 147  D 140  D 140  D 140  
 136 0.570 0.385   I 145  I 144  G 148  V 141  V 141  V 141  
 137 0.495 0.239 * P 146  P 145  P 149  P 142  P 142  P 142  
 138 0.455 0.262   I 147  V 146  V 150  V 143  V 143  V 143  
 139 0.541 0.253 * D 148  D 147  D 151  D 144  D 144  D 144  
 140 0.490 0.282   H 149  N 148  H 152  N 145  N 145  N 145  
 141 0.331 0.107   L 150  I 149  M 153  V 146  V 146  V 146  
 142 0.339 0.070   M 151  Y 150  R 154  F 147  F 147  F 147  
 143 0.370 0.213   G 152  A 151  A 155  G 148  G 148  G 148  
 144 0.534 0.319   V 153  T 152  Q 156  S 149  S 149  S 149  
 145 0.798 0.411   P 154  P 153  K 157  P 150  P 150  P 150  
 146 0.639 0.312   I 155  I 154  L 158  I 151  I 151  I 151  
 147 0.385 0.219 * L 156  L 155  L 159  L 152  L 152  L 152  
 148 0.590 0.232   G 157  L 156  T 160  L 153  L 153  L 153  
 149 0.693 0.375   E 158  G 157  G 161  E 154  E 154  E 154  
 150 0.488 0.285   Y 159  D 158  Y 162  D 155  D 155  D 155  
 151 0.426 0.261   F 160  L 159  I 163  M 156  M 156  M 156  
 152 0.562 0.377   E 161  R 160  G 164  L 157  L 157  L 157  
 153 0.901 0.438   G 162  K 161  E 165  Q 158  Q 158  Q 158  
 154 0.879 0.296   K 163  Q 162  H 166  L 159  L 159  L 159  
# ===========================================================
 155 1.088 0.601   L 165  Y 164  Y 167  L 161  L 161  L 161  
# ===========================================================
 156 0.880 0.376   E 166  P 165  E 170  D 162  D 162  D 162  
 157 0.956 0.301   D 167  D 166  D 171  N 163  N 163  N 163  
 158 0.608 0.431   I 168  L 167  M 172  P 164  P 164  P 164  
 159 0.561 0.365   V 169  L 168  V 173  I 165  I 165  I 165  
 160 0.394 0.249   I 170  V 169  V 174  V 166  V 166  V 166  
 161 0.439 0.298 * V 171  V 170  V 175  V 167  V 167  V 167  
 162 0.657 0.469 * S 172  S 171  S 176  S 168  S 168  S 168  
 163 0.723 0.488 * P 173  P 172  P 177  P 169  P 169  P 169  
 164 0.579 0.125 * D 174  D 173  D 178  D 170  D 170  D 170  
 165 0.812 0.309   H 175  V 174  S 179  I 171  I 171  I 171  
 166 0.859 0.464 * G 176  G 175  G 180  G 172  G 172  G 172  
 167 0.805 0.503   G 177  G 176  R 181  G 173  G 173  G 173  
 168 0.684 0.446 * V 178  V 177  V 182  V 174  V 174  V 174  
# ===========================================================
 169 0.823 0.545   T 179  R 179  R 183  V 175  V 175  V 175  
# ===========================================================
 170 0.642 0.396 * A 181  A 180  A 185  A 177  A 177  A 177  
 171 0.809 0.479   R 182  R 181  E 186  R 178  R 178  R 178  
 172 0.864 0.533   K 183  A 182  K 187  A 179  A 179  A 179  
 173 0.600 0.395   L 184  L 183  W 188  I 180  I 180  I 180  
 174 0.480 0.279 * A 185  A 184  A 189  A 181  A 181  A 181  
 175 0.663 0.331   D 186  K 185  D 190  K 182  K 182  K 182  
 176 0.631 0.294   R 187  Q 186  S 191  L 183  L 183  L 183  
 177 0.465 0.212 * L 188  L 187  L 192  L 184  L 184  L 184  
 178 1.112 0.467   K 189  N 188  G 193  N 185  N 185  N 185  
# ===========================================================
 179 0.704 0.289   A 190  C 189  V 195  T 187  T 187  T 187  
 180 0.706 0.315   P 191  D 190  P 196  D 188  D 188  D 188  
 181 0.640 0.279   I 192  L 191  L 197  M 189  M 189  M 189  
 182 0.732 0.286 * A 193  A 192  A 198  A 190  A 190  A 190  
 183 0.958 0.484   I 194  I 193  F 199  I 191  I 191  I 191  
# ===========================================================
 184 0.762 0.289   E 215  E 214  K 222  A 212  A 212  A 212  
 185 0.748 0.293 * G 216  G 215  G 223  G 213  G 213  G 213  
 186 0.736 0.228   K 217  R 216  K 224  R 214  R 214  R 214  
 187 0.577 0.156   T 218  T 217  T 225  D 215  D 215  D 215  
 188 0.413 0.153   A 219  C 218  C 226  C 216  C 216  C 216  
 189 0.330 0.174   I 220  V 219  I 227  V 217  V 217  V 217  
 190 0.446 0.375   L 221  I 220  L 228  L 218  L 218  L 218  
 191 0.536 0.385   I 222  M 221  T 229  V 219  V 219  V 219  
 192 0.545 0.290 * D 223  D 222  D 230  D 220  D 220  D 220  
 193 0.445 0.220 * D 224  D 223  D 231  D 221  D 221  D 221  
 194 0.450 0.126   I 225  M 224  M 232  M 222  M 222  M 222  
 195 0.342 0.173   I 226  V 225  I 233  I 223  I 223  I 223  
 196 0.310 0.156 * D 227  D 226  D 234  D 224  D 224  D 224  
 197 0.431 0.252 * T 228  T 227  T 235  T 225  T 225  T 225  
 198 0.431 0.250   A 229  A 228  G 236  G 226  G 226  G 226  
 199 0.510 0.246 * G 230  G 229  G 237  G 227  G 227  G 227  
 200 0.599 0.222 * T 231  T 230  T 238  T 228  T 228  T 228  
 201 0.373 0.226   I 232  L 231  I 239  L 229  L 229  L 229  
 202 0.437 0.162   T 233  C 232  A 240  C 230  C 230  C 230  
 203 0.541 0.251   L 234  K 233  G 241  K 231  K 231  K 231  
 204 0.411 0.193 * A 235  A 234  A 242  A 232  A 232  A 232  
 205 0.375 0.110   A 236  A 235  V 243  A 233  A 233  A 233  
 206 0.468 0.179   N 237  Q 236  N 244  E 234  E 234  E 234  
 207 0.518 0.212   A 238  V 237  L 245  A 235  A 235  A 235  
 208 0.461 0.136 * L 239  L 238  L 246  L 236  L 236  L 236  
 209 0.521 0.269   V 240  K 239  R 247  K 237  K 237  K 237  
 210 0.593 0.229 * E 241  E 240  E 248  E 238  E 238  E 238  
 211 0.749 0.228   N 242  R 241  D 249  R 239  R 239  R 239  
 212 0.622 0.326 * G 243  G 242  G 250  G 240  G 240  G 240  
 213 0.542 0.184 * A 244  A 243  A 251  A 241  A 241  A 241  
 214 0.607 0.334 * K 245  K 244  K 252  K 242  K 242  K 242  
 215 0.613 0.317   E 246  Q 245  D 253  R 243  R 243  R 243  
 216 0.316 0.135 * V 247  V 246  V 254  V 244  V 244  V 244  
 217 0.267 0.133   Y 248  F 247  I 255  F 245  F 245  F 245  
 218 0.298 0.166   A 249  A 248  I 256  A 246  A 246  A 246  
 219 0.396 0.212   C 250  Y 249  A 257  Y 247  Y 247  Y 247  
 220 0.307 0.078   C 251  A 250  A 258  A 248  A 248  A 248  
 221 0.250 0.095 * T 252  T 251  T 259  T 249  T 249  T 249  
 222 0.239 0.123 * H 253  H 252  H 260  H 250  H 250  H 250  
 223 0.282 0.110   P 254  P 253  G 261  P 251  P 251  P 251  
 224 0.363 0.215   V 255  V 254  V 262  I 252  I 252  I 252  
 225 0.425 0.232   L 256  L 255  L 263  F 253  F 253  F 253  
 226 0.591 0.334 * S 257  S 256  S 264  S 254  S 254  S 254  
 227 0.884 0.467   G 258  G 257  D 265  G 255  G 255  G 255  
 228 0.660 0.307   P 259  G 258  P 266  N 256  N 256  N 256  
 229 0.402 0.169 * A 260  A 259  A 267  A 257  A 257  A 257  
 230 0.801 0.130   V 261  A 260  P 268  A 258  A 258  A 258  
 231 0.786 0.266   E 262  D 261  Q 269  N 259  N 259  N 259  
 232 0.425 0.150   R 263  R 262  R 270  N 260  N 260  N 260  
 233 0.483 0.084   I 264  I 263  L 271  L 261  L 261  L 261  
 234 0.854 0.308   N 265  A 264  A 272  R 262  R 262  R 262  
 235 0.693 0.202   N 266  A 265  E 273  N 263  N 263  N 263  
 236 0.419 0.146   S 267  S 266  C 274  S 264  S 264  S 264  
 237 0.503 0.338   T 268  A 267  G 275  V 265  V 265  V 265  
 238 0.407 0.250   I 269  L 268  A 276  I 266  I 266  I 266  
 239 0.415 0.259   K 270  D 269  R 277  D 267  D 267  D 267  
 240 0.473 0.281 * E 271  E 270  E 278  E 268  E 268  E 268  
 241 0.385 0.198   L 272  L 271  V 279  V 269  V 269  V 269  
 242 0.303 0.075   V 273  V 272  I 280  V 270  V 270  V 270  
 243 0.231 0.117 * V 274  V 273  V 281  V 271  V 271  V 271  
 244 0.331 0.173   T 275  T 274  T 282  C 272  C 272  C 272  
 245 0.358 0.198   N 276  D 275  N 283  D 273  D 273  D 273  
 246 0.367 0.263   S 277  T 276  T 284  T 274  T 274  T 274  
 247 0.302 0.145   I 278  I 277  L 285  I 275  I 275  I 275  
 248 0.336 0.100   K 279  P 278  P 286  P 276  P 276  P 276  
 249 0.460 0.239   L 280  L 279  I 287  L 277  L 277  L 277  
# ===========================================================
 250 0.874 0.354   I 286  C 286  F 293  L 284  L 284  L 284  
 251 0.761 0.205   E 287  P 287  P 294  P 285  P 285  P 285  
 252 0.709 0.414   R 288  K 288  Q 295  N 286  N 286  N 286  
 253 0.779 0.604   F 289  I 289  L 296  V 287  V 287  V 287  
 254 0.703 0.428   K 290  R 290  T 297  R 288  R 288  R 288  
 255 0.448 0.261   Q 291  A 291  V 298  T 289  T 289  T 289  
 256 0.432 0.238 * L 292  L 292  L 299  L 290  L 290  L 290  
 257 0.423 0.202   S 293  S 293  S 300  T 291  T 291  T 291  
 258 0.490 0.143   V 294  S 294  I 301  L 292  L 292  L 292  
 259 0.302 0.099   G 295  A 295  A 302  S 293  S 293  S 293  
 260 0.247 0.105   P 296  G 296  P 303  G 294  G 294  G 294  
 261 0.375 0.098   L 297  L 297  L 304  M 295  M 295  M 295  
 262 0.335 0.089 * L 298  L 298  L 305  L 296  L 296  L 296  
 263 0.206 0.081 * A 299  A 299  A 306  A 297  A 297  A 297  
 264 0.320 0.155   E 300  E 300  N 307  E 298  E 298  E 298  
 265 0.307 0.131   A 301  T 301  T 308  A 299  A 299  A 299  
 266 0.232 0.113   I 302  F 302  I 309  I 300  I 300  I 300  
 267 0.329 0.206   I 303  S 303  R 310  R 301  R 301  R 301  
 268 0.428 0.330   R 304  R 304  A 311  R 302  R 302  R 302  
 269 0.400 0.322   V 305  I 305  V 312  I 303  I 303  I 303  
 270 0.488 0.362   H 306  R 306  F 313  S 304  S 304  S 304  
 271 0.583 0.494   E 307  R 307  E 314  N 305  N 305  N 305  
 272 0.719 0.547   Q 308  G 308  N 315  E 306  E 306  E 306  
# ===========================================================
# Sequence alignment of the structurally conserved regions
# [average distance and standard deviation are with respect
#  to the framework (i.e., average structure)]
#
#  N av ds st dv   p1A    p2A    p3A    p4A    p5A    p6A    
# ===========================================================
   1 0.447 0.377   N   8  G   6  N  11  D   3  D   3  D   3  
   2 0.261 0.250   L   9  L   7  L  12  M   4  M   4  M   4  
   3 0.348 0.176   K  10  M   8  M  13  K   5  K   5  K   5  
   4 0.259 0.135   I  11  V   9  L  14  L   6  L   6  L   6  
   5 0.280 0.164 * F  12  F  10  F  15  F   7  F   7  F   7  
   6 0.306 0.110   S  13  T  11  A  16  A   8  A   8  A   8  
   7 0.152 0.075   L  14  G  12  G  17  G   9  G   9  G   9  
   8 0.441 0.328   N  15  N  13  R  18  N  10  N  10  N  10  
   9 0.539 0.459   S  16  A  14  A  19  A  11  A  11  A  11  
  10 0.585 0.363   N  17  N  15  H  20  T  12  T  12  T  12  
  11 0.477 0.295 * P  18  P  16  P  21  P  13  P  13  P  13  
  12 0.434 0.180   E  19  A  17  E  22  E  14  E  14  E  14  
  13 0.314 0.183 * L  20  L  18  L  23  L  15  L  15  L  15  
  14 0.367 0.247 * A  21  A  19  A  24  A  16  A  16  A  16  
  15 0.335 0.213   K  22  Q  20  D  25  Q  17  Q  17  Q  17  
  16 0.294 0.182   E  23  E  21  Q  26  R  18  R  18  R  18  
  17 0.288 0.141   I  24  V  22  V  27  I  19  I  19  I  19  
  18 0.342 0.131   A  25  V  23  A  28  A  20  A  20  A  20  
  19 0.292 0.174   D  26  K  24  K  29  N  21  N  21  N  21  
  20 0.301 0.140   I  27  I  25  E  30  R  22  R  22  R  22  
  21 0.293 0.080   V  28  L  26  L  31  L  23  L  23  L  23  
  22 0.605 0.139   G  29  G  27  D  32  Y  24  Y  24  Y  24  
  23 0.625 0.060   V  30  I  28  V  33  T  25  T  25  T  25  
  24 0.467 0.118   Q  31  P  29  A  34  S  26  S  26  S  26  
  25 0.328 0.194   L  32  L  30  V  35  L  27  L  27  L  27  
  26 0.396 0.140   G  33  G  31  T  36  G  28  G  28  G  28  
  27 0.499 0.183   K  34  K  32  A  37  D  29  D  29  D  29  
  28 0.600 0.332   C  35  A  33  Q  38  A  30  A  30  A  30  
  29 0.512 0.296   S  36  M  34  T  39  A  31  A  31  A  31  
  30 0.650 0.230   V  37  V  35  A  40  V  32  V  32  V  32  
  31 0.935 0.420   T  38  S  36  R  41  G  33  G  33  G  33  
  32 0.325 0.089   R  39  R  37  D  42  R  34  R  34  R  34  
  33 0.612 0.258 * F  40  F  38  F  43  F  35  F  35  F  35  
  34 0.920 0.508   S  41  S  39  A  44  S  36  S  36  S  36  
  35 0.660 0.427   D  42  D  40  N  45  D  37  D  37  D  37  
  36 0.647 0.358 * G  43  G  41  G  46  G  38  G  38  G  38  
  37 0.364 0.193 * E  44  E  42  E  47  E  39  E  39  E  39  
  38 0.389 0.171   V  45  I  43  I  48  V  40  V  40  V  40  
  39 0.513 0.287   Q  46  Q  44  F  49  S  41  S  41  S  41  
  40 0.285 0.084   I  47  V  45  V  50  V  42  V  42  V  42  
  41 0.278 0.110   N  48  E  46  R  51  Q  43  Q  43  Q  43  
  42 0.375 0.122   I  49  I  47  F  52  I  44  I  44  I  44  
  43 0.465 0.196   E  50  Q  48  D  53  N  45  N  45  N  45  
  44 0.530 0.160 * E  51  E  49  E  54  E  46  E  46  E  46  
  45 0.543 0.265   S  52  N  50  S  55  N  47  N  47  N  47  
  46 0.450 0.081   I  53  V  51  V  56  V  48  V  48  V  48  
  47 0.460 0.106 * R  54  R  52  R  57  R  49  R  49  R  49  
  48 0.459 0.122 * G  55  G  53  G  58  G  50  G  50  G  50  
  49 0.387 0.118   C  56  K  54  C  59  G  51  G  51  G  51  
  50 0.327 0.208 * D  57  D  55  D  60  D  52  D  52  D  52  
  51 0.265 0.182   C  58  V  56  A  61  I  53  I  53  I  53  
  52 0.249 0.093   Y  59  F  57  F  62  F  54  F  54  F  54  
  53 0.220 0.133   I  60  V  58  V  63  I  55  I  55  I  55  
  54 0.265 0.134   I  61  L  59  L  64  I  56  I  56  I  56  
  55 0.290 0.141 * Q  62  Q  60  Q  65  Q  57  Q  57  Q  57  
  56 0.575 0.467 * S  63  S  61  S  66  S  58  S  58  S  58  
  57 0.744 0.622   T  64  T  62  H  67  T  59  T  59  T  59  
  58 0.780 0.689   S  65  C  63  P  68  C  60  C  60  C  60  
  59 0.520 0.442   D  66  A  64  A  69  A  61  A  61  A  61  
  60 0.450 0.305 * P  67  P  65  P  70  P  62  P  62  P  62  
  61 0.364 0.271   V  68  T  66  L  71  T  63  T  63  T  63  
  62 0.244 0.098 * N  69  N  67  N  72  N  64  N  64  N  64  
  63 0.184 0.117   E  70  D  68  Q  73  D  65  D  65  D  65  
  64 0.182 0.162   H  71  N  69  W  74  N  66  N  66  N  66  
  65 0.161 0.095   I  72  L  70  L  75  L  67  L  67  L  67  
  66 0.217 0.075 * M  73  M  71  M  76  M  68  M  68  M  68  
  67 0.239 0.110 * E  74  E  72  E  77  E  69  E  69  E  69  
  68 0.175 0.049   L  75  L  73  Q  78  L  70  L  70  L  70  
  69 0.275 0.156   L  76  M  74  L  79  V  71  V  71  V  71  
  70 0.319 0.153   I  77  I  75  I  80  V  72  V  72  V  72  
  71 0.306 0.126 * M  78  M  76  M  81  M  73  M  73  M  73  
  72 0.268 0.104   V  79  V  77  I  82  V  74  V  74  V  74  
  73 0.329 0.135 * D  80  D  78  D  83  D  75  D  75  D  75  
  74 0.389 0.206 * A  81  A  79  A  84  A  76  A  76  A  76  
  75 0.408 0.237 * L  82  L  80  L  85  L  77  L  77  L  77  
  76 0.372 0.223   K  83  K  81  K  86  R  78  R  78  R  78  
  77 0.419 0.217 * R  84  R  82  R  87  R  79  R  79  R  79  
  78 0.481 0.220   A  85  A  83  G  88  A  80  A  80  A  80  
  79 0.464 0.150 * S  86  S  84  S  89  S  81  S  81  S  81  
  80 0.412 0.139 * A  87  A  85  A  90  A  82  A  82  A  82  
  81 0.362 0.189   K  88  G  86  K  91  G  83  G  83  G  83  
  82 0.399 0.187   T  89  R  87  R  92  R  84  R  84  R  84  
  83 0.338 0.187 * I  90  I  88  I  93  I  85  I  85  I  85  
  84 0.323 0.153   N  91  T  89  T  94  T  86  T  86  T  86  
  85 0.287 0.179   I  92  A  90  A  95  A  87  A  87  A  87  
  86 0.353 0.228   V  93  A  91  I  96  V  88  V  88  V  88  
  87 0.383 0.272   I  94  I  92  L  97  I  89  I  89  I  89  
  88 0.376 0.186 * P  95  P  93  P  98  P  90  P  90  P  90  
  89 0.265 0.118   Y  96  Y  94  F  99  Y  91  Y  91  Y  91  
  90 0.284 0.129   Y  97  F  95  Y 100  F  92  F  92  F  92  
  91 0.361 0.302   G  98  G  96  P 101  G  93  G  93  G  93  
  92 0.305 0.207 * Y  99  Y  97  Y 102  Y  94  Y  94  Y  94  
  93 0.366 0.198 * A 100  A  98  A 103  A  95  A  95  A  95  
  94 0.372 0.254 * R 101  R  99  R 104  R  96  R  96  R  96  
  95 0.417 0.183 * Q 102  Q 100  Q 105  Q  97  Q  97  Q  97  
  96 0.522 0.213 * D 103  D 101  D 106  D  98  D  98  D  98  
  97 0.612 0.309   R 104  R 102  K 107  R  99  R  99  R  99  
  98 0.646 0.180   K 105  R 103  K 108  R 100  R 100  R 100  
# ===========================================================
  99 0.976 0.479   S 108  A 107  G 111  A 104  A 104  A 104  
 100 0.673 0.349 * R 109  R 108  R 112  R 105  R 105  R 105  
 101 0.672 0.276   E 110  V 109  E 113  V 106  V 106  V 106  
 102 0.574 0.193   P 111  A 110  P 114  P 107  P 107  P 107  
 103 0.523 0.209 * I 112  I 111  I 115  I 108  I 108  I 108  
 104 0.464 0.195   T 113  S 112  S 116  T 109  T 109  T 109  
 105 0.464 0.205 * A 114  A 113  A 117  A 110  A 110  A 110  
 106 0.565 0.226   K 115  K 114  R 118  K 111  K 111  K 111  
 107 0.541 0.231   L 116  V 115  L 119  V 112  V 112  V 112  
 108 0.393 0.173   F 117  V 116  V 120  V 113  V 113  V 113  
 109 0.408 0.158 * A 118  A 117  A 121  A 114  A 114  A 114  
 110 0.470 0.160   N 119  N 118  D 122  D 115  D 115  D 115  
 111 0.336 0.171   L 120  M 119  L 123  F 116  F 116  F 116  
 112 0.267 0.100 * L 121  L 120  L 124  L 117  L 117  L 117  
 113 0.335 0.103   E 122  E 121  K 125  S 118  S 118  S 118  
 114 0.313 0.116   T 123  I 122  T 126  S 119  S 119  S 119  
 115 0.450 0.094   A 124  A 123  A 127  V 120  V 120  V 120  
 116 0.413 0.100 * G 125  G 124  G 128  G 121  G 121  G 121  
 117 0.254 0.103   A 126  V 125  A 129  V 122  V 122  V 122  
 118 0.445 0.218   T 127  E 126  D 130  D 123  D 123  D 123  
 119 0.279 0.102 * R 128  R 127  R 131  R 124  R 124  R 124  
 120 0.354 0.244   V 129  I 128  I 132  V 125  V 125  V 125  
 121 0.363 0.236   I 130  I 129  V 133  L 126  L 126  L 126  
 122 0.384 0.223   A 131  T 130  S 134  T 127  T 127  T 127  
 123 0.316 0.135   L 132  M 131  V 135  V 128  V 128  V 128  
 124 0.237 0.145 * D 133  D 132  D 136  D 129  D 129  D 129  
 125 0.251 0.161 * L 134  L 133  L 137  L 130  L 130  L 130  
 126 0.291 0.179 * H 135  H 134  H 138  H 131  H 131  H 131  
 127 0.573 0.250   A 136  A 135  T 139  A 132  A 132  A 132  
 128 0.639 0.328   P 137  D 136  D 140  E 133  E 133  E 133  
 129 0.624 0.430 * Q 138  Q 137  Q 141  Q 134  Q 134  Q 134  
 130 0.590 0.293 * I 139  I 138  I 142  I 135  I 135  I 135  
 131 0.591 0.339 * Q 140  Q 139  Q 143  Q 136  Q 136  Q 136  
 132 0.647 0.390 * G 141  G 140  G 144  G 137  G 137  G 137  
 133 0.575 0.341 * F 142  F 141  F 145  F 138  F 138  F 138  
 134 0.490 0.260 * F 143  F 142  F 146  F 139  F 139  F 139  
 135 0.388 0.240 * D 144  D 143  D 147  D 140  D 140  D 140  
 136 0.564 0.373   I 145  I 144  G 148  V 141  V 141  V 141  
 137 0.481 0.227 * P 146  P 145  P 149  P 142  P 142  P 142  
 138 0.444 0.267   I 147  V 146  V 150  V 143  V 143  V 143  
 139 0.525 0.255 * D 148  D 147  D 151  D 144  D 144  D 144  
 140 0.478 0.288   H 149  N 148  H 152  N 145  N 145  N 145  
 141 0.313 0.102   L 150  I 149  M 153  V 146  V 146  V 146  
 142 0.319 0.062   M 151  Y 150  R 154  F 147  F 147  F 147  
 143 0.358 0.203   G 152  A 151  A 155  G 148  G 148  G 148  
 144 0.536 0.310   V 153  T 152  Q 156  S 149  S 149  S 149  
 145 0.797 0.402   P 154  P 153  K 157  P 150  P 150  P 150  
 146 0.645 0.299   I 155  I 154  L 158  I 151  I 151  I 151  
 147 0.385 0.204 * L 156  L 155  L 159  L 152  L 152  L 152  
 148 0.577 0.223   G 157  L 156  T 160  L 153  L 153  L 153  
 149 0.695 0.370   E 158  G 157  G 161  E 154  E 154  E 154  
 150 0.491 0.276   Y 159  D 158  Y 162  D 155  D 155  D 155  
 151 0.395 0.262   F 160  L 159  I 163  M 156  M 156  M 156  
 152 0.555 0.362   E 161  R 160  G 164  L 157  L 157  L 157  
 153 0.906 0.417   G 162  K 161  E 165  Q 158  Q 158  Q 158  
 154 0.863 0.285   K 163  Q 162  H 166  L 159  L 159  L 159  
# ===========================================================
 155 1.082 0.604   L 165  Y 164  Y 167  L 161  L 161  L 161  
# ===========================================================
 156 0.866 0.371   E 166  P 165  E 170  D 162  D 162  D 162  
 157 0.940 0.322   D 167  D 166  D 171  N 163  N 163  N 163  
 158 0.605 0.425   I 168  L 167  M 172  P 164  P 164  P 164  
 159 0.559 0.358   V 169  L 168  V 173  I 165  I 165  I 165  
 160 0.399 0.249   I 170  V 169  V 174  V 166  V 166  V 166  
 161 0.441 0.299 * V 171  V 170  V 175  V 167  V 167  V 167  
 162 0.664 0.473 * S 172  S 171  S 176  S 168  S 168  S 168  
 163 0.731 0.492 * P 173  P 172  P 177  P 169  P 169  P 169  
 164 0.585 0.129 * D 174  D 173  D 178  D 170  D 170  D 170  
 165 0.818 0.311   H 175  V 174  S 179  I 171  I 171  I 171  
 166 0.868 0.470 * G 176  G 175  G 180  G 172  G 172  G 172  
 167 0.820 0.506   G 177  G 176  R 181  G 173  G 173  G 173  
 168 0.693 0.449 * V 178  V 177  V 182  V 174  V 174  V 174  
# ===========================================================
 169 0.828 0.542   T 179  R 179  R 183  V 175  V 175  V 175  
# ===========================================================
 170 0.659 0.395 * A 181  A 180  A 185  A 177  A 177  A 177  
 171 0.826 0.479   R 182  R 181  E 186  R 178  R 178  R 178  
 172 0.871 0.544   K 183  A 182  K 187  A 179  A 179  A 179  
 173 0.598 0.417   L 184  L 183  W 188  I 180  I 180  I 180  
 174 0.497 0.273 * A 185  A 184  A 189  A 181  A 181  A 181  
 175 0.668 0.340   D 186  K 185  D 190  K 182  K 182  K 182  
 176 0.630 0.298   R 187  Q 186  S 191  L 183  L 183  L 183  
 177 0.452 0.224 * L 188  L 187  L 192  L 184  L 184  L 184  
 178 1.127 0.450   K 189  N 188  G 193  N 185  N 185  N 185  
# ===========================================================
 179 0.713 0.294   A 190  C 189  V 195  T 187  T 187  T 187  
 180 0.708 0.313   P 191  D 190  P 196  D 188  D 188  D 188  
 181 0.650 0.278   I 192  L 191  L 197  M 189  M 189  M 189  
 182 0.737 0.288 * A 193  A 192  A 198  A 190  A 190  A 190  
 183 0.960 0.487   I 194  I 193  F 199  I 191  I 191  I 191  
# ===========================================================
 184 0.749 0.296   E 215  E 214  K 222  A 212  A 212  A 212  
 185 0.743 0.300 * G 216  G 215  G 223  G 213  G 213  G 213  
 186 0.731 0.230   K 217  R 216  K 224  R 214  R 214  R 214  
 187 0.574 0.155   T 218  T 217  T 225  D 215  D 215  D 215  
 188 0.409 0.153   A 219  C 218  C 226  C 216  C 216  C 216  
 189 0.339 0.178   I 220  V 219  I 227  V 217  V 217  V 217  
 190 0.446 0.368   L 221  I 220  L 228  L 218  L 218  L 218  
 191 0.532 0.379   I 222  M 221  T 229  V 219  V 219  V 219  
 192 0.541 0.279 * D 223  D 222  D 230  D 220  D 220  D 220  
 193 0.445 0.209 * D 224  D 223  D 231  D 221  D 221  D 221  
 194 0.448 0.122   I 225  M 224  M 232  M 222  M 222  M 222  
 195 0.338 0.170   I 226  V 225  I 233  I 223  I 223  I 223  
 196 0.308 0.156 * D 227  D 226  D 234  D 224  D 224  D 224  
 197 0.439 0.258 * T 228  T 227  T 235  T 225  T 225  T 225  
 198 0.435 0.244   A 229  A 228  G 236  G 226  G 226  G 226  
 199 0.516 0.246 * G 230  G 229  G 237  G 227  G 227  G 227  
 200 0.603 0.219 * T 231  T 230  T 238  T 228  T 228  T 228  
 201 0.372 0.216   I 232  L 231  I 239  L 229  L 229  L 229  
 202 0.438 0.153   T 233  C 232  A 240  C 230  C 230  C 230  
 203 0.546 0.249   L 234  K 233  G 241  K 231  K 231  K 231  
 204 0.411 0.191 * A 235  A 234  A 242  A 232  A 232  A 232  
 205 0.366 0.095   A 236  A 235  V 243  A 233  A 233  A 233  
 206 0.465 0.175   N 237  Q 236  N 244  E 234  E 234  E 234  
 207 0.519 0.216   A 238  V 237  L 245  A 235  A 235  A 235  
 208 0.456 0.143 * L 239  L 238  L 246  L 236  L 236  L 236  
 209 0.515 0.255   V 240  K 239  R 247  K 237  K 237  K 237  
 210 0.589 0.221 * E 241  E 240  E 248  E 238  E 238  E 238  
 211 0.750 0.232   N 242  R 241  D 249  R 239  R 239  R 239  
 212 0.605 0.328 * G 243  G 242  G 250  G 240  G 240  G 240  
 213 0.533 0.177 * A 244  A 243  A 251  A 241  A 241  A 241  
 214 0.597 0.325 * K 245  K 244  K 252  K 242  K 242  K 242  
 215 0.615 0.317   E 246  Q 245  D 253  R 243  R 243  R 243  
 216 0.323 0.137 * V 247  V 246  V 254  V 244  V 244  V 244  
 217 0.278 0.136   Y 248  F 247  I 255  F 245  F 245  F 245  
 218 0.287 0.164   A 249  A 248  I 256  A 246  A 246  A 246  
 219 0.392 0.224   C 250  Y 249  A 257  Y 247  Y 247  Y 247  
 220 0.302 0.085   C 251  A 250  A 258  A 248  A 248  A 248  
 221 0.235 0.094 * T 252  T 251  T 259  T 249  T 249  T 249  
 222 0.229 0.111 * H 253  H 252  H 260  H 250  H 250  H 250  
 223 0.277 0.105   P 254  P 253  G 261  P 251  P 251  P 251  
 224 0.365 0.216   V 255  V 254  V 262  I 252  I 252  I 252  
 225 0.433 0.243   L 256  L 255  L 263  F 253  F 253  F 253  
 226 0.597 0.340 * S 257  S 256  S 264  S 254  S 254  S 254  
 227 0.894 0.483   G 258  G 257  D 265  G 255  G 255  G 255  
 228 0.659 0.332   P 259  G 258  P 266  N 256  N 256  N 256  
 229 0.415 0.192 * A 260  A 259  A 267  A 257  A 257  A 257  
 230 0.812 0.159   V 261  A 260  P 268  A 258  A 258  A 258  
 231 0.795 0.291   E 262  D 261  Q 269  N 259  N 259  N 259  
 232 0.436 0.171   R 263  R 262  R 270  N 260  N 260  N 260  
 233 0.496 0.116   I 264  I 263  L 271  L 261  L 261  L 261  
 234 0.867 0.334   N 265  A 264  A 272  R 262  R 262  R 262  
 235 0.710 0.222   N 266  A 265  E 273  N 263  N 263  N 263  
 236 0.433 0.166   S 267  S 266  C 274  S 264  S 264  S 264  
 237 0.514 0.361   T 268  A 267  G 275  V 265  V 265  V 265  
 238 0.421 0.271   I 269  L 268  A 276  I 266  I 266  I 266  
 239 0.426 0.290   K 270  D 269  R 277  D 267  D 267  D 267  
 240 0.490 0.300 * E 271  E 270  E 278  E 268  E 268  E 268  
 241 0.396 0.203   L 272  L 271  V 279  V 269  V 269  V 269  
 242 0.309 0.064   V 273  V 272  I 280  V 270  V 270  V 270  
 243 0.225 0.107 * V 274  V 273  V 281  V 271  V 271  V 271  
 244 0.313 0.172   T 275  T 274  T 282  C 272  C 272  C 272  
 245 0.335 0.201   N 276  D 275  N 283  D 273  D 273  D 273  
 246 0.362 0.245   S 277  T 276  T 284  T 274  T 274  T 274  
 247 0.302 0.127   I 278  I 277  L 285  I 275  I 275  I 275  
 248 0.341 0.093   K 279  P 278  P 286  P 276  P 276  P 276  
 249 0.479 0.262   L 280  L 279  I 287  L 277  L 277  L 277  
# ===========================================================
 250 0.903 0.339   I 286  C 286  F 293  L 284  L 284  L 284  
 251 0.796 0.208   E 287  P 287  P 294  P 285  P 285  P 285  
 252 0.729 0.426   R 288  K 288  Q 295  N 286  N 286  N 286  
 253 0.793 0.589   F 289  I 289  L 296  V 287  V 287  V 287  
 254 0.717 0.409   K 290  R 290  T 297  R 288  R 288  R 288  
 255 0.453 0.246   Q 291  A 291  V 298  T 289  T 289  T 289  
 256 0.427 0.226 * L 292  L 292  L 299  L 290  L 290  L 290  
 257 0.403 0.197   S 293  S 293  S 300  T 291  T 291  T 291  
 258 0.474 0.139   V 294  S 294  I 301  L 292  L 292  L 292  
 259 0.296 0.093   G 295  A 295  A 302  S 293  S 293  S 293  
 260 0.250 0.099   P 296  G 296  P 303  G 294  G 294  G 294  
 261 0.373 0.101   L 297  L 297  L 304  M 295  M 295  M 295  
 262 0.325 0.083 * L 298  L 298  L 305  L 296  L 296  L 296  
 263 0.215 0.089 * A 299  A 299  A 306  A 297  A 297  A 297  
 264 0.333 0.176   E 300  E 300  N 307  E 298  E 298  E 298  
 265 0.313 0.146   A 301  T 301  T 308  A 299  A 299  A 299  
 266 0.236 0.122   I 302  F 302  I 309  I 300  I 300  I 300  
 267 0.341 0.212   I 303  S 303  R 310  R 301  R 301  R 301  
 268 0.447 0.339   R 304  R 304  A 311  R 302  R 302  R 302  
 269 0.415 0.330   V 305  I 305  V 312  I 303  I 303  I 303  
 270 0.499 0.365   H 306  R 306  F 313  S 304  S 304  S 304  
 271 0.596 0.498   E 307  R 307  E 314  N 305  N 305  N 305  
 272 0.740 0.556   Q 308  G 308  N 315  E 306  E 306  E 306  
# ===========================================================
# Sequence alignment of the structurally conserved regions
# [average distance and standard deviation are with respect
#  to the framework (i.e., average structure)]
#
#  N av ds st dv   p1A    p2A    p3A    p4A    p5A    p6A    
# ===========================================================
   1 0.447 0.377   N   8  G   6  N  11  D   3  D   3  D   3  
   2 0.261 0.250   L   9  L   7  L  12  M   4  M   4  M   4  
   3 0.348 0.176   K  10  M   8  M  13  K   5  K   5  K   5  
   4 0.259 0.135   I  11  V   9  L  14  L   6  L   6  L   6  
   5 0.280 0.164 * F  12  F  10  F  15  F   7  F   7  F   7  
   6 0.306 0.110   S  13  T  11  A  16  A   8  A   8  A   8  
   7 0.152 0.075   L  14  G  12  G  17  G   9  G   9  G   9  
   8 0.441 0.328   N  15  N  13  R  18  N  10  N  10  N  10  
   9 0.539 0.459   S  16  A  14  A  19  A  11  A  11  A  11  
  10 0.585 0.363   N  17  N  15  H  20  T  12  T  12  T  12  
  11 0.477 0.295 * P  18  P  16  P  21  P  13  P  13  P  13  
  12 0.434 0.180   E  19  A  17  E  22  E  14  E  14  E  14  
  13 0.314 0.183 * L  20  L  18  L  23  L  15  L  15  L  15  
  14 0.367 0.247 * A  21  A  19  A  24  A  16  A  16  A  16  
  15 0.335 0.213   K  22  Q  20  D  25  Q  17  Q  17  Q  17  
  16 0.294 0.182   E  23  E  21  Q  26  R  18  R  18  R  18  
  17 0.288 0.141   I  24  V  22  V  27  I  19  I  19  I  19  
  18 0.342 0.131   A  25  V  23  A  28  A  20  A  20  A  20  
  19 0.292 0.174   D  26  K  24  K  29  N  21  N  21  N  21  
  20 0.301 0.140   I  27  I  25  E  30  R  22  R  22  R  22  
  21 0.293 0.080   V  28  L  26  L  31  L  23  L  23  L  23  
  22 0.605 0.139   G  29  G  27  D  32  Y  24  Y  24  Y  24  
  23 0.625 0.060   V  30  I  28  V  33  T  25  T  25  T  25  
  24 0.467 0.118   Q  31  P  29  A  34  S  26  S  26  S  26  
  25 0.328 0.194   L  32  L  30  V  35  L  27  L  27  L  27  
  26 0.396 0.140   G  33  G  31  T  36  G  28  G  28  G  28  
  27 0.499 0.183   K  34  K  32  A  37  D  29  D  29  D  29  
  28 0.600 0.332   C  35  A  33  Q  38  A  30  A  30  A  30  
  29 0.512 0.296   S  36  M  34  T  39  A  31  A  31  A  31  
  30 0.650 0.230   V  37  V  35  A  40  V  32  V  32  V  32  
  31 0.935 0.420   T  38  S  36  R  41  G  33  G  33  G  33  
  32 0.325 0.089   R  39  R  37  D  42  R  34  R  34  R  34  
  33 0.612 0.258 * F  40  F  38  F  43  F  35  F  35  F  35  
  34 0.920 0.508   S  41  S  39  A  44  S  36  S  36  S  36  
  35 0.660 0.427   D  42  D  40  N  45  D  37  D  37  D  37  
  36 0.647 0.358 * G  43  G  41  G  46  G  38  G  38  G  38  
  37 0.364 0.193 * E  44  E  42  E  47  E  39  E  39  E  39  
  38 0.389 0.171   V  45  I  43  I  48  V  40  V  40  V  40  
  39 0.513 0.287   Q  46  Q  44  F  49  S  41  S  41  S  41  
  40 0.285 0.084   I  47  V  45  V  50  V  42  V  42  V  42  
  41 0.278 0.110   N  48  E  46  R  51  Q  43  Q  43  Q  43  
  42 0.375 0.122   I  49  I  47  F  52  I  44  I  44  I  44  
  43 0.465 0.196   E  50  Q  48  D  53  N  45  N  45  N  45  
  44 0.530 0.160 * E  51  E  49  E  54  E  46  E  46  E  46  
  45 0.543 0.265   S  52  N  50  S  55  N  47  N  47  N  47  
  46 0.450 0.081   I  53  V  51  V  56  V  48  V  48  V  48  
  47 0.460 0.106 * R  54  R  52  R  57  R  49  R  49  R  49  
  48 0.459 0.122 * G  55  G  53  G  58  G  50  G  50  G  50  
  49 0.387 0.118   C  56  K  54  C  59  G  51  G  51  G  51  
  50 0.327 0.208 * D  57  D  55  D  60  D  52  D  52  D  52  
  51 0.265 0.182   C  58  V  56  A  61  I  53  I  53  I  53  
  52 0.249 0.093   Y  59  F  57  F  62  F  54  F  54  F  54  
  53 0.220 0.133   I  60  V  58  V  63  I  55  I  55  I  55  
  54 0.265 0.134   I  61  L  59  L  64  I  56  I  56  I  56  
  55 0.290 0.141 * Q  62  Q  60  Q  65  Q  57  Q  57  Q  57  
  56 0.575 0.467 * S  63  S  61  S  66  S  58  S  58  S  58  
  57 0.744 0.622   T  64  T  62  H  67  T  59  T  59  T  59  
  58 0.780 0.689   S  65  C  63  P  68  C  60  C  60  C  60  
  59 0.520 0.442   D  66  A  64  A  69  A  61  A  61  A  61  
  60 0.450 0.305 * P  67  P  65  P  70  P  62  P  62  P  62  
  61 0.364 0.271   V  68  T  66  L  71  T  63  T  63  T  63  
  62 0.244 0.098 * N  69  N  67  N  72  N  64  N  64  N  64  
  63 0.184 0.117   E  70  D  68  Q  73  D  65  D  65  D  65  
  64 0.182 0.162   H  71  N  69  W  74  N  66  N  66  N  66  
  65 0.161 0.095   I  72  L  70  L  75  L  67  L  67  L  67  
  66 0.217 0.075 * M  73  M  71  M  76  M  68  M  68  M  68  
  67 0.239 0.110 * E  74  E  72  E  77  E  69  E  69  E  69  
  68 0.175 0.049   L  75  L  73  Q  78  L  70  L  70  L  70  
  69 0.275 0.156   L  76  M  74  L  79  V  71  V  71  V  71  
  70 0.319 0.153   I  77  I  75  I  80  V  72  V  72  V  72  
  71 0.306 0.126 * M  78  M  76  M  81  M  73  M  73  M  73  
  72 0.268 0.104   V  79  V  77  I  82  V  74  V  74  V  74  
  73 0.329 0.135 * D  80  D  78  D  83  D  75  D  75  D  75  
  74 0.389 0.206 * A  81  A  79  A  84  A  76  A  76  A  76  
  75 0.408 0.237 * L  82  L  80  L  85  L  77  L  77  L  77  
  76 0.372 0.223   K  83  K  81  K  86  R  78  R  78  R  78  
  77 0.419 0.217 * R  84  R  82  R  87  R  79  R  79  R  79  
  78 0.481 0.220   A  85  A  83  G  88  A  80  A  80  A  80  
  79 0.464 0.150 * S  86  S  84  S  89  S  81  S  81  S  81  
  80 0.412 0.139 * A  87  A  85  A  90  A  82  A  82  A  82  
  81 0.362 0.189   K  88  G  86  K  91  G  83  G  83  G  83  
  82 0.399 0.187   T  89  R  87  R  92  R  84  R  84  R  84  
  83 0.338 0.187 * I  90  I  88  I  93  I  85  I  85  I  85  
  84 0.323 0.153   N  91  T  89  T  94  T  86  T  86  T  86  
  85 0.287 0.179   I  92  A  90  A  95  A  87  A  87  A  87  
  86 0.353 0.228   V  93  A  91  I  96  V  88  V  88  V  88  
  87 0.383 0.272   I  94  I  92  L  97  I  89  I  89  I  89  
  88 0.376 0.186 * P  95  P  93  P  98  P  90  P  90  P  90  
  89 0.265 0.118   Y  96  Y  94  F  99  Y  91  Y  91  Y  91  
  90 0.284 0.129   Y  97  F  95  Y 100  F  92  F  92  F  92  
  91 0.361 0.302   G  98  G  96  P 101  G  93  G  93  G  93  
  92 0.305 0.207 * Y  99  Y  97  Y 102  Y  94  Y  94  Y  94  
  93 0.366 0.198 * A 100  A  98  A 103  A  95  A  95  A  95  
  94 0.372 0.254 * R 101  R  99  R 104  R  96  R  96  R  96  
  95 0.417 0.183 * Q 102  Q 100  Q 105  Q  97  Q  97  Q  97  
  96 0.522 0.213 * D 103  D 101  D 106  D  98  D  98  D  98  
  97 0.612 0.309   R 104  R 102  K 107  R  99  R  99  R  99  
  98 0.646 0.180   K 105  R 103  K 108  R 100  R 100  R 100  
# ===========================================================
  99 0.976 0.479   S 108  A 107  G 111  A 104  A 104  A 104  
 100 0.673 0.349 * R 109  R 108  R 112  R 105  R 105  R 105  
 101 0.672 0.276   E 110  V 109  E 113  V 106  V 106  V 106  
 102 0.574 0.193   P 111  A 110  P 114  P 107  P 107  P 107  
 103 0.523 0.209 * I 112  I 111  I 115  I 108  I 108  I 108  
 104 0.464 0.195   T 113  S 112  S 116  T 109  T 109  T 109  
 105 0.464 0.205 * A 114  A 113  A 117  A 110  A 110  A 110  
 106 0.565 0.226   K 115  K 114  R 118  K 111  K 111  K 111  
 107 0.541 0.231   L 116  V 115  L 119  V 112  V 112  V 112  
 108 0.393 0.173   F 117  V 116  V 120  V 113  V 113  V 113  
 109 0.408 0.158 * A 118  A 117  A 121  A 114  A 114  A 114  
 110 0.470 0.160   N 119  N 118  D 122  D 115  D 115  D 115  
 111 0.336 0.171   L 120  M 119  L 123  F 116  F 116  F 116  
 112 0.267 0.100 * L 121  L 120  L 124  L 117  L 117  L 117  
 113 0.335 0.103   E 122  E 121  K 125  S 118  S 118  S 118  
 114 0.313 0.116   T 123  I 122  T 126  S 119  S 119  S 119  
 115 0.450 0.094   A 124  A 123  A 127  V 120  V 120  V 120  
 116 0.413 0.100 * G 125  G 124  G 128  G 121  G 121  G 121  
 117 0.254 0.103   A 126  V 125  A 129  V 122  V 122  V 122  
 118 0.445 0.218   T 127  E 126  D 130  D 123  D 123  D 123  
 119 0.279 0.102 * R 128  R 127  R 131  R 124  R 124  R 124  
 120 0.354 0.244   V 129  I 128  I 132  V 125  V 125  V 125  
 121 0.363 0.236   I 130  I 129  V 133  L 126  L 126  L 126  
 122 0.384 0.223   A 131  T 130  S 134  T 127  T 127  T 127  
 123 0.316 0.135   L 132  M 131  V 135  V 128  V 128  V 128  
 124 0.237 0.145 * D 133  D 132  D 136  D 129  D 129  D 129  
 125 0.251 0.161 * L 134  L 133  L 137  L 130  L 130  L 130  
 126 0.291 0.179 * H 135  H 134  H 138  H 131  H 131  H 131  
 127 0.573 0.250   A 136  A 135  T 139  A 132  A 132  A 132  
 128 0.639 0.328   P 137  D 136  D 140  E 133  E 133  E 133  
 129 0.624 0.430 * Q 138  Q 137  Q 141  Q 134  Q 134  Q 134  
 130 0.590 0.293 * I 139  I 138  I 142  I 135  I 135  I 135  
 131 0.591 0.339 * Q 140  Q 139  Q 143  Q 136  Q 136  Q 136  
 132 0.647 0.390 * G 141  G 140  G 144  G 137  G 137  G 137  
 133 0.575 0.341 * F 142  F 141  F 145  F 138  F 138  F 138  
 134 0.490 0.260 * F 143  F 142  F 146  F 139  F 139  F 139  
 135 0.388 0.240 * D 144  D 143  D 147  D 140  D 140  D 140  
 136 0.564 0.373   I 145  I 144  G 148  V 141  V 141  V 141  
 137 0.481 0.227 * P 146  P 145  P 149  P 142  P 142  P 142  
 138 0.444 0.267   I 147  V 146  V 150  V 143  V 143  V 143  
 139 0.525 0.255 * D 148  D 147  D 151  D 144  D 144  D 144  
 140 0.478 0.288   H 149  N 148  H 152  N 145  N 145  N 145  
 141 0.313 0.102   L 150  I 149  M 153  V 146  V 146  V 146  
 142 0.319 0.062   M 151  Y 150  R 154  F 147  F 147  F 147  
 143 0.358 0.203   G 152  A 151  A 155  G 148  G 148  G 148  
 144 0.536 0.310   V 153  T 152  Q 156  S 149  S 149  S 149  
 145 0.797 0.402   P 154  P 153  K 157  P 150  P 150  P 150  
 146 0.645 0.299   I 155  I 154  L 158  I 151  I 151  I 151  
 147 0.385 0.204 * L 156  L 155  L 159  L 152  L 152  L 152  
 148 0.577 0.223   G 157  L 156  T 160  L 153  L 153  L 153  
 149 0.695 0.370   E 158  G 157  G 161  E 154  E 154  E 154  
 150 0.491 0.276   Y 159  D 158  Y 162  D 155  D 155  D 155  
 151 0.395 0.262   F 160  L 159  I 163  M 156  M 156  M 156  
 152 0.555 0.362   E 161  R 160  G 164  L 157  L 157  L 157  
 153 0.906 0.417   G 162  K 161  E 165  Q 158  Q 158  Q 158  
 154 0.863 0.285   K 163  Q 162  H 166  L 159  L 159  L 159  
# ===========================================================
 155 1.082 0.604   L 165  Y 164  Y 167  L 161  L 161  L 161  
# ===========================================================
 156 0.866 0.371   E 166  P 165  E 170  D 162  D 162  D 162  
 157 0.940 0.322   D 167  D 166  D 171  N 163  N 163  N 163  
 158 0.605 0.425   I 168  L 167  M 172  P 164  P 164  P 164  
 159 0.559 0.358   V 169  L 168  V 173  I 165  I 165  I 165  
 160 0.399 0.249   I 170  V 169  V 174  V 166  V 166  V 166  
 161 0.441 0.299 * V 171  V 170  V 175  V 167  V 167  V 167  
 162 0.664 0.473 * S 172  S 171  S 176  S 168  S 168  S 168  
 163 0.731 0.492 * P 173  P 172  P 177  P 169  P 169  P 169  
 164 0.585 0.129 * D 174  D 173  D 178  D 170  D 170  D 170  
 165 0.818 0.311   H 175  V 174  S 179  I 171  I 171  I 171  
 166 0.868 0.470 * G 176  G 175  G 180  G 172  G 172  G 172  
 167 0.820 0.506   G 177  G 176  R 181  G 173  G 173  G 173  
 168 0.693 0.449 * V 178  V 177  V 182  V 174  V 174  V 174  
# ===========================================================
 169 0.828 0.542   T 179  R 179  R 183  V 175  V 175  V 175  
# ===========================================================
 170 0.659 0.395 * A 181  A 180  A 185  A 177  A 177  A 177  
 171 0.826 0.479   R 182  R 181  E 186  R 178  R 178  R 178  
 172 0.871 0.544   K 183  A 182  K 187  A 179  A 179  A 179  
 173 0.598 0.417   L 184  L 183  W 188  I 180  I 180  I 180  
 174 0.497 0.273 * A 185  A 184  A 189  A 181  A 181  A 181  
 175 0.668 0.340   D 186  K 185  D 190  K 182  K 182  K 182  
 176 0.630 0.298   R 187  Q 186  S 191  L 183  L 183  L 183  
 177 0.452 0.224 * L 188  L 187  L 192  L 184  L 184  L 184  
 178 1.127 0.450   K 189  N 188  G 193  N 185  N 185  N 185  
# ===========================================================
 179 0.713 0.294   A 190  C 189  V 195  T 187  T 187  T 187  
 180 0.708 0.313   P 191  D 190  P 196  D 188  D 188  D 188  
 181 0.650 0.278   I 192  L 191  L 197  M 189  M 189  M 189  
 182 0.737 0.288 * A 193  A 192  A 198  A 190  A 190  A 190  
 183 0.960 0.487   I 194  I 193  F 199  I 191  I 191  I 191  
# ===========================================================
 184 0.749 0.296   E 215  E 214  K 222  A 212  A 212  A 212  
 185 0.743 0.300 * G 216  G 215  G 223  G 213  G 213  G 213  
 186 0.731 0.230   K 217  R 216  K 224  R 214  R 214  R 214  
 187 0.574 0.155   T 218  T 217  T 225  D 215  D 215  D 215  
 188 0.409 0.153   A 219  C 218  C 226  C 216  C 216  C 216  
 189 0.339 0.178   I 220  V 219  I 227  V 217  V 217  V 217  
 190 0.446 0.368   L 221  I 220  L 228  L 218  L 218  L 218  
 191 0.532 0.379   I 222  M 221  T 229  V 219  V 219  V 219  
 192 0.541 0.279 * D 223  D 222  D 230  D 220  D 220  D 220  
 193 0.445 0.209 * D 224  D 223  D 231  D 221  D 221  D 221  
 194 0.448 0.122   I 225  M 224  M 232  M 222  M 222  M 222  
 195 0.338 0.170   I 226  V 225  I 233  I 223  I 223  I 223  
 196 0.308 0.156 * D 227  D 226  D 234  D 224  D 224  D 224  
 197 0.439 0.258 * T 228  T 227  T 235  T 225  T 225  T 225  
 198 0.435 0.244   A 229  A 228  G 236  G 226  G 226  G 226  
 199 0.516 0.246 * G 230  G 229  G 237  G 227  G 227  G 227  
 200 0.603 0.219 * T 231  T 230  T 238  T 228  T 228  T 228  
 201 0.372 0.216   I 232  L 231  I 239  L 229  L 229  L 229  
 202 0.438 0.153   T 233  C 232  A 240  C 230  C 230  C 230  
 203 0.546 0.249   L 234  K 233  G 241  K 231  K 231  K 231  
 204 0.411 0.191 * A 235  A 234  A 242  A 232  A 232  A 232  
 205 0.366 0.095   A 236  A 235  V 243  A 233  A 233  A 233  
 206 0.465 0.175   N 237  Q 236  N 244  E 234  E 234  E 234  
 207 0.519 0.216   A 238  V 237  L 245  A 235  A 235  A 235  
 208 0.456 0.143 * L 239  L 238  L 246  L 236  L 236  L 236  
 209 0.515 0.255   V 240  K 239  R 247  K 237  K 237  K 237  
 210 0.589 0.221 * E 241  E 240  E 248  E 238  E 238  E 238  
 211 0.750 0.232   N 242  R 241  D 249  R 239  R 239  R 239  
 212 0.605 0.328 * G 243  G 242  G 250  G 240  G 240  G 240  
 213 0.533 0.177 * A 244  A 243  A 251  A 241  A 241  A 241  
 214 0.597 0.325 * K 245  K 244  K 252  K 242  K 242  K 242  
 215 0.615 0.317   E 246  Q 245  D 253  R 243  R 243  R 243  
 216 0.323 0.137 * V 247  V 246  V 254  V 244  V 244  V 244  
 217 0.278 0.136   Y 248  F 247  I 255  F 245  F 245  F 245  
 218 0.287 0.164   A 249  A 248  I 256  A 246  A 246  A 246  
 219 0.392 0.224   C 250  Y 249  A 257  Y 247  Y 247  Y 247  
 220 0.302 0.085   C 251  A 250  A 258  A 248  A 248  A 248  
 221 0.235 0.094 * T 252  T 251  T 259  T 249  T 249  T 249  
 222 0.229 0.111 * H 253  H 252  H 260  H 250  H 250  H 250  
 223 0.277 0.105   P 254  P 253  G 261  P 251  P 251  P 251  
 224 0.365 0.216   V 255  V 254  V 262  I 252  I 252  I 252  
 225 0.433 0.243   L 256  L 255  L 263  F 253  F 253  F 253  
 226 0.597 0.340 * S 257  S 256  S 264  S 254  S 254  S 254  
 227 0.894 0.483   G 258  G 257  D 265  G 255  G 255  G 255  
 228 0.659 0.332   P 259  G 258  P 266  N 256  N 256  N 256  
 229 0.415 0.192 * A 260  A 259  A 267  A 257  A 257  A 257  
 230 0.812 0.159   V 261  A 260  P 268  A 258  A 258  A 258  
 231 0.795 0.291   E 262  D 261  Q 269  N 259  N 259  N 259  
 232 0.436 0.171   R 263  R 262  R 270  N 260  N 260  N 260  
 233 0.496 0.116   I 264  I 263  L 271  L 261  L 261  L 261  
 234 0.867 0.334   N 265  A 264  A 272  R 262  R 262  R 262  
 235 0.710 0.222   N 266  A 265  E 273  N 263  N 263  N 263  
 236 0.433 0.166   S 267  S 266  C 274  S 264  S 264  S 264  
 237 0.514 0.361   T 268  A 267  G 275  V 265  V 265  V 265  
 238 0.421 0.271   I 269  L 268  A 276  I 266  I 266  I 266  
 239 0.426 0.290   K 270  D 269  R 277  D 267  D 267  D 267  
 240 0.490 0.300 * E 271  E 270  E 278  E 268  E 268  E 268  
 241 0.396 0.203   L 272  L 271  V 279  V 269  V 269  V 269  
 242 0.309 0.064   V 273  V 272  I 280  V 270  V 270  V 270  
 243 0.225 0.107 * V 274  V 273  V 281  V 271  V 271  V 271  
 244 0.313 0.172   T 275  T 274  T 282  C 272  C 272  C 272  
 245 0.335 0.201   N 276  D 275  N 283  D 273  D 273  D 273  
 246 0.362 0.245   S 277  T 276  T 284  T 274  T 274  T 274  
 247 0.302 0.127   I 278  I 277  L 285  I 275  I 275  I 275  
 248 0.341 0.093   K 279  P 278  P 286  P 276  P 276  P 276  
 249 0.479 0.262   L 280  L 279  I 287  L 277  L 277  L 277  
# ===========================================================
 250 0.903 0.339   I 286  C 286  F 293  L 284  L 284  L 284  
 251 0.796 0.208   E 287  P 287  P 294  P 285  P 285  P 285  
 252 0.729 0.426   R 288  K 288  Q 295  N 286  N 286  N 286  
 253 0.793 0.589   F 289  I 289  L 296  V 287  V 287  V 287  
 254 0.717 0.409   K 290  R 290  T 297  R 288  R 288  R 288  
 255 0.453 0.246   Q 291  A 291  V 298  T 289  T 289  T 289  
 256 0.427 0.226 * L 292  L 292  L 299  L 290  L 290  L 290  
 257 0.403 0.197   S 293  S 293  S 300  T 291  T 291  T 291  
 258 0.474 0.139   V 294  S 294  I 301  L 292  L 292  L 292  
 259 0.296 0.093   G 295  A 295  A 302  S 293  S 293  S 293  
 260 0.250 0.099   P 296  G 296  P 303  G 294  G 294  G 294  
 261 0.373 0.101   L 297  L 297  L 304  M 295  M 295  M 295  
 262 0.325 0.083 * L 298  L 298  L 305  L 296  L 296  L 296  
 263 0.215 0.089 * A 299  A 299  A 306  A 297  A 297  A 297  
 264 0.333 0.176   E 300  E 300  N 307  E 298  E 298  E 298  
 265 0.313 0.146   A 301  T 301  T 308  A 299  A 299  A 299  
 266 0.236 0.122   I 302  F 302  I 309  I 300  I 300  I 300  
 267 0.341 0.212   I 303  S 303  R 310  R 301  R 301  R 301  
 268 0.447 0.339   R 304  R 304  A 311  R 302  R 302  R 302  
 269 0.415 0.330   V 305  I 305  V 312  I 303  I 303  I 303  
 270 0.499 0.365   H 306  R 306  F 313  S 304  S 304  S 304  
 271 0.596 0.498   E 307  R 307  E 314  N 305  N 305  N 305  
 272 0.740 0.556   Q 308  G 308  N 315  E 306  E 306  E 306  
# ===========================================================

Least-squares dynamic programming alignment:
     FIT_ATOMS atoms for alignment     : CA
     Max dist from frw for equivalence :    3.5000
     Gap introduction penalty          :    0.0000
     Gap extension penalty             :    1.7500
     Numb of residues in framework     :       272




COMPARISON OF SEVERAL 3D STRUCTURES:


  #  ALGNMT CODE      ATOM FILE                          

  1  p1A
  2  p2A
  3  p3A
  4  p4A
  5  p5A
  6  p6A



Variability at a given position is calculated as: 
VAR = 1/Nij * sum_ij (feat_i - feat_j)
sum runs over all pairs of proteins with residues present.



>> Least-squares superposition (FIT)           :       T

   Atom types for superposition/RMS (FIT_ATOMS): CA
   Atom type for position average/variability (VARATOM): CA


   Position comparison (FIT_ATOMS): 

       Cutoff for RMS calculation:     3.5000

       Upper = RMS, Lower = numb equiv positions

        p1A     p2A     p3A     p4A     p5A     p6A     
p1A        0.000   1.278   0.866   0.837   1.035   0.837
p2A          283   0.000   1.282   1.040   0.936   1.040
p3A          286     277   0.000   0.941   1.084   0.941
p4A          296     286     291   0.000   0.655   0.000
p5A          295     287     288     303   0.000   0.655
p6A          296     286     291     307     303   0.000



   Distance comparison (FIT_ATOMS): 

       Cutoff for rms calculation:     3.5000

       Upper = Distance RMS, Lower = numb equiv distances

        p1A     p2A     p3A     p4A     p5A     p6A     
p1A        0.000   0.947   0.665   0.631   0.755   0.631
p2A        39804   0.000   0.938   0.827   0.700   0.827
p3A        40748   38187   0.000   0.680   0.771   0.680
p4A        43658   40744   42186   0.000   0.484   0.000
p5A        43331   41033   41871   45753   0.000   0.484
p6A        43658   40744   42186   46971   45753   0.000

>> Sequence comparison: 

       Diag=numb res, Upper=numb equiv res, Lower = % seq ID


              p1A     p2A     p3A     p4A     p5A     p6A
p1A           298     148     135     150     149     150
p2A            51     290     134     179     179     179
p3A            45      46     298     125     125     125
p4A            50      62      42     307     303     307
p5A            50      62      42      99     305     303
p6A            50      62      42     100      99     307


>> Dihedral angle comparison: Alph


       Cutoff for rms comparison:    60.0000

       Upper = RMS Alph, Lower = numb of equiv angles

        p1A     p2A     p3A     p4A     p5A     p6A     
p1A        0.000  13.635  13.461  12.168  12.604  12.168
p2A          274   0.000  13.316   9.414  10.404   9.414
p3A          275     265   0.000  12.916  13.651  12.916
p4A          284     278     284   0.000   5.344   0.000
p5A          284     279     282     298   0.000   5.344
p6A          284     278     284     304     298   0.000


>> Dihedral angle comparison: Phi 


       Cutoff for rms comparison:    60.0000

       Upper = RMS Phi , Lower = numb of equiv angles

        p1A     p2A     p3A     p4A     p5A     p6A     
p1A        0.000  14.819  13.642  15.187  15.131  15.187
p2A          278   0.000  12.480  12.632  12.354  12.632
p3A          279     265   0.000  13.695  14.200  13.695
p4A          294     278     282   0.000  11.184   0.000
p5A          293     279     283     301   0.000  11.184
p6A          294     278     282     306     301   0.000


>> Dihedral angle comparison: Psi 


       Cutoff for rms comparison:    15.0000

       Upper = RMS Psi , Lower = numb of equiv angles

        p1A     p2A     p3A     p4A     p5A     p6A     
p1A        0.000   7.306   6.703   6.778   6.541   6.778
p2A          215   0.000   7.205   6.985   6.734   6.985
p3A          220     219   0.000   6.506   6.915   6.506
p4A          228     227     230   0.000   6.329   0.000
p5A          223     223     227     275   0.000   6.329
p6A          228     227     230     306     275   0.000


>> Dihedral angle comparison: Omeg


       Cutoff for rms comparison:    60.0000

       Upper = RMS Omeg, Lower = numb of equiv angles

        p1A     p2A     p3A     p4A     p5A     p6A     
p1A        0.000   5.557   5.497   4.106   4.612   4.106
p2A          281   0.000   6.373   5.441   5.472   5.441
p3A          284     277   0.000   5.222   5.546   5.222
p4A          293     285     291   0.000   3.732   0.000
p5A          293     286     290     302   0.000   3.732
p6A          293     285     291     306     302   0.000


>> Dihedral angle comparison: chi1


       Cutoff for rms comparison:    60.0000

       Upper = RMS chi1, Lower = numb of equiv angles

        p1A     p2A     p3A     p4A     p5A     p6A     
p1A        0.000  19.172  17.157  18.034  18.202  18.034
p2A          145   0.000  16.748  14.613  13.121  14.613
p3A          148     139   0.000  16.536  13.323  16.536
p4A          165     161     147   0.000  11.565   0.000
p5A          165     161     144     223   0.000  11.565
p6A          165     161     147     255     223   0.000


>> Dihedral angle comparison: chi2


       Cutoff for rms comparison:    60.0000

       Upper = RMS chi2, Lower = numb of equiv angles

        p1A     p2A     p3A     p4A     p5A     p6A     
p1A        0.000  19.343  23.991  21.251  19.216  21.251
p2A           90   0.000  21.701  21.417  18.830  21.417
p3A           94      80   0.000  19.296  20.223  19.296
p4A          106     100      86   0.000  16.988   0.000
p5A          109      97      87     154   0.000  16.988
p6A          106     100      86     186     154   0.000


>> Dihedral angle comparison: chi3


       Cutoff for rms comparison:    60.0000

       Upper = RMS chi3, Lower = numb of equiv angles

        p1A     p2A     p3A     p4A     p5A     p6A     
p1A        0.000  29.651  35.349  27.202  24.183  27.202
p2A           28   0.000  32.445  21.038  21.135  21.038
p3A           33      30   0.000  30.038  28.020  30.038
p4A           25      28      24   0.000  19.506   0.000
p5A           29      32      26      47   0.000  19.506
p6A           25      28      24      74      47   0.000


>> Dihedral angle comparison: chi4


       Cutoff for rms comparison:    60.0000

       Upper = RMS chi4, Lower = numb of equiv angles

        p1A     p2A     p3A     p4A     p5A     p6A     
p1A        0.000  32.311  36.035  31.570  25.342  31.570
p2A           12   0.000  33.284  22.089  27.572  22.089
p3A            6       7   0.000  32.962  33.290  32.962
p4A            9      13      10   0.000  25.237   0.000
p5A           11      12       8      16   0.000  25.237
p6A            9      13      10      32      16   0.000


>> Dihedral angle comparison: chi5


       Cutoff for rms comparison:    60.0000

       Upper = RMS chi5, Lower = numb of equiv angles

        p1A     p2A     p3A     p4A     p5A     p6A     
p1A        0.000   0.000   0.000   0.000   0.000   0.000
p2A            0   0.000   0.000   0.000   0.000   0.000
p3A            0       0   0.000   0.000   0.000   0.000
p4A            0       0       0   0.000   0.000   0.000
p5A            0       0       0       0   0.000   0.000
p6A            0       0       0       0       0   0.000



>> Ramachandran mainchain class substitution
   prot 1 --> prot 2; class on vert --> class on horiz

              A      P      B      L      E      U
      A    2084      8     43     12      0      4
      P      14    471    117      0      2      0
      B      20    128   1186      8      1      3
      L       5      0      5    218      4      0
      E       0      6      3      1     18      0
      U       6      0      4      0      0      6


   Summary (% does not count undefined):

   CODE   # ID # NID # TOT   % ID  % NID  % TOT
      A   2084    67  2151   47.8    1.5   49.3
      P    471   133   604   10.8    3.0   13.9
      B   1186   160  1346   27.2    3.7   30.9
      L    218    14   232    5.0    0.3    5.3
      E     18    10    28    0.4    0.2    0.6
   --------------------------------------------
   SUMS   3977   384  4361   91.2    8.8  100.0
   --------------------------------------------
      U      6    10    16    0.1    0.2    0.4



>> Dihedral class substitution: Alph
   prot 1 --> prot 2; class on vert --> class on horiz

              1      2      3      4
      1     210     37     32      0
      2      35   1867     43      6
      3      42     53   2020      4
      4       0     12      4     12


   Summary (% does not count undefined):

   CODE   # ID # NID # TOT   % ID  % NID  % TOT
      1    210    69   279    4.8    1.6    6.4
      2   1867    84  1951   42.9    1.9   44.9
      3   2020    99  2119   46.4    2.3   48.7
   --------------------------------------------
   SUMS   4097   252  4349   94.2    5.8  100.0
   --------------------------------------------
      4     12    16    28    0.3    0.4    0.6



>> Dihedral class substitution: Phi 
   prot 1 --> prot 2; class on vert --> class on horiz

              1      2      3      4
      1    2190     13    224      2
      2       8    241     11      0
      3     221     10   1446      3
      4       1      0      3      4


   Summary (% does not count undefined):

   CODE   # ID # NID # TOT   % ID  % NID  % TOT
      1   2190   239  2429   50.1    5.5   55.6
      2    241    19   260    5.5    0.4    6.0
      3   1446   234  1680   33.1    5.4   38.5
   --------------------------------------------
   SUMS   3877   492  4369   88.7   11.3  100.0
   --------------------------------------------
      4      4     4     8    0.1    0.1    0.2



>> Dihedral class substitution: Psi 
   prot 1 --> prot 2; class on vert --> class on horiz

              1      2      3      4
      1    1775     81     25      1
      2      33    545     60      0
      3      21     55   1772      1
      4       3      0      3      2


   Summary (% does not count undefined):

   CODE   # ID # NID # TOT   % ID  % NID  % TOT
      1   1775   107  1882   40.6    2.4   43.1
      2    545    93   638   12.5    2.1   14.6
      3   1772    77  1849   40.6    1.8   42.3
   --------------------------------------------
   SUMS   4092   277  4369   93.7    6.3  100.0
   --------------------------------------------
      4      2     6     8    0.0    0.1    0.2



>> Dihedral class substitution: Omeg
   prot 1 --> prot 2; class on vert --> class on horiz

              1      2      3      4
      1    4344      0      0      2
      2       8     15      0      0
      3       0      0      0      0
      4       6      0      0      2


   Summary (% does not count undefined):

   CODE   # ID # NID # TOT   % ID  % NID  % TOT
      1   4344     2  4346   99.4    0.0   99.5
      2     15     8    23    0.3    0.2    0.5
      3      0     0     0    0.0    0.0    0.0
   --------------------------------------------
   SUMS   4359    10  4369   99.8    0.2  100.0
   --------------------------------------------
      4      2     6     8    0.0    0.1    0.2



>> Dihedral class substitution: chi1
   prot 1 --> prot 2; class on vert --> class on horiz

              1      2      3      4
      1    1663    235     75    116
      2     325    701     69     60
      3      73     60    185     43
      4      96     76     15    585


   Summary (% does not count undefined):

   CODE   # ID # NID # TOT   % ID  % NID  % TOT
      1   1663   426  2089   46.1   11.8   57.9
      2    701   454  1155   19.4   12.6   32.0
      3    185   176   361    5.1    4.9   10.0
   --------------------------------------------
   SUMS   2549  1056  3605   70.7   29.3  100.0
   --------------------------------------------
      4    585   187   772   13.4    4.3   17.6



>> Dihedral class substitution: chi2
   prot 1 --> prot 2; class on vert --> class on horiz

              1      2      3      4
      1    1390    225     37    241
      2     229    270     18    113
      3      91     13     57     32
      4     204     73     11   1373


   Summary (% does not count undefined):

   CODE   # ID # NID # TOT   % ID  % NID  % TOT
      1   1390   503  1893   51.2   18.5   69.7
      2    270   360   630    9.9   13.3   23.2
      3     57   136   193    2.1    5.0    7.1
   --------------------------------------------
   SUMS   1717   999  2716   63.2   36.8  100.0
   --------------------------------------------
      4   1373   288  1661   31.4    6.6   37.9



>> Dihedral class substitution: chi3
   prot 1 --> prot 2; class on vert --> class on horiz

              1      2      3      4
      1     340    104     32    222
      2      77    121     17     79
      3      29     29     53     30
      4     124     72     45   3003


   Summary (% does not count undefined):

   CODE   # ID # NID # TOT   % ID  % NID  % TOT
      1    340   358   698   30.0   31.6   61.6
      2    121   173   294   10.7   15.3   25.9
      3     53    88   141    4.7    7.8   12.4
   --------------------------------------------
   SUMS    514   619  1133   45.4   54.6  100.0
   --------------------------------------------
      4   3003   241  3244   68.6    5.5   74.1



>> Dihedral class substitution: chi4
   prot 1 --> prot 2; class on vert --> class on horiz

              1      2      3      4
      1      78     29     27    104
      2      27     57     15     27
      3      12     20     38     32
      4      75     35     22   3779


   Summary (% does not count undefined):

   CODE   # ID # NID # TOT   % ID  % NID  % TOT
      1     78   160   238   16.7   34.3   51.1
      2     57    69   126   12.2   14.8   27.0
      3     38    64   102    8.2   13.7   21.9
   --------------------------------------------
   SUMS    173   293   466   37.1   62.9  100.0
   --------------------------------------------
      4   3779   132  3911   86.3    3.0   89.4



>> Dihedral class substitution: chi5
   prot 1 --> prot 2; class on vert --> class on horiz

              1      2      3      4
      1       0      0      0      0
      2       0      0      0      0
      3       0      0      0      0
      4       0      0      0   4377


   Summary (% does not count undefined):

   CODE   # ID # NID # TOT   % ID  % NID  % TOT
      1      0     0     0    0.0    0.0    0.0
      2      0     0     0    0.0    0.0    0.0
      3      0     0     0    0.0    0.0    0.0
   --------------------------------------------
   SUMS      0     0     0    0.0    0.0    0.0
   --------------------------------------------
      4   4377     0  4377  100.0    0.0  100.0



>> Detailed comparison:


       Structure :  4
       Structure :  5
       Structure :  6
       ALN      ... alignment position
       RESID... ... residue numbers 1/2/3
       AAA      ... amino acid types 1/2/3
       MNC      ... mainchain classes 1/2/3
       ALP...   ... dihedral angle classes (alpha,phi,psi,...)

ALN RESIDUE_NUMBERS AAA MNC ALP PHI PSI OMG CH1 CH2 CH3 CH4 CH5 
---------------------------------------------------------------
  1  ---- ---- ---- --- --- --- --- --- --- --- --- --- --- ---
  2  ----2     ---- -P- -U- -4- -4- -1- -1- -3- -2- -1- -4- -4-
  3 3    3    3     DDD UAU 424 434 323 111 131 111 444 444 444
  4 4    4    4     MMM BPB 333 313 333 111 222 111 121 444 444
  5 5    5    5     KKK BBB 333 333 333 111 111 212 111 313 444
  6 6    6    6     LLL BBB 333 333 333 111 111 111 444 444 444
  7 7    7    7     FFF BBB 333 333 333 111 111 121 444 444 444
  8 8    8    8     AAA BBB 333 333 333 111 444 444 444 444 444
  9 9    9    9     GGG PPP 313 111 333 111 444 444 444 444 444
 10 10   10   10    NNN AAA 222 333 222 111 111 111 444 444 444
 11 11   11   11    AAA AAA 222 111 111 111 444 444 444 444 444
 12 12   12   12    TTT BBB 333 333 222 111 222 444 444 444 444
 13 13   13   13    PPP AAA 222 111 111 111 222 111 222 444 444
 14 14   14   14    EEE AAA 222 111 111 111 343 242 212 444 444
 15 15   15   15    LLL AAA 222 111 111 111 222 222 444 444 444
 16 16   16   16    AAA AAA 222 111 111 111 444 444 444 444 444
 17 17   17   17    QQQ AAA 222 111 111 111 222 333 111 444 444
 18 18   18   18    RRR AAA 222 111 111 111 111 111 222 212 444
 19 19   19   19    III AAA 222 111 111 111 111 111 444 444 444
 20 20   20   20    AAA AAA 222 111 111 111 444 444 444 444 444
 21 21   21   21    NNN AAA 222 111 111 111 111 111 444 444 444
 22 22   22   22    RRR AAA 222 111 111 111 111 111 111 121 444
 23 23   23   23    LLL AAA 333 333 222 111 111 111 444 444 444
 24 24   24   24    YYY LLL 232 222 222 111 121 222 444 444 444
 25 25   25   25    TTT PBP 333 333 333 111 212 444 444 444 444
 26 26   26   26    SSS BPB 333 313 333 111 121 444 444 444 444
 27 27   27   27    LLL PPP 333 111 333 111 111 111 444 444 444
 28 28   28   28    GGG PPP 333 111 333 111 444 444 444 444 444
 29 29   29   29    DDD BBB 333 333 333 111 222 111 444 444 444
 30 30   30   30    AAA BBB 333 333 333 111 444 444 444 444 444
 31 31   31   31    AAA BBB 333 313 333 111 444 444 444 444 444
 32 32   32   32    VVV BBB 222 333 333 111 111 444 444 444 444
 33 33   33   33    GGG BBB 111 333 333 111 444 444 444 444 444
 34 34   34   34    RRR BBB 333 333 333 111 111 222 111 222 444
 35 35   35   35    FFF PPP 333 111 333 111 111 111 444 444 444
 36 36   36   36    SSS AAA 222 111 111 111 333 444 444 444 444
 37 37   37   37    DDD AAA 333 111 212 111 333 111 444 444 444
 38 38   38   38    GGG LLL 333 222 222 111 444 444 444 444 444
 39 39   39   39    EEE PPP 333 111 333 111 111 111 111 444 444
 40 40   40   40    VVV PPP 333 111 333 111 111 444 444 444 444
 41 41   41   41    SSS BBB 333 333 333 111 333 444 444 444 444
 42 42   42   42    VVV BBB 333 333 333 111 111 444 444 444 444
 43 43   43   43    QQQ BBB 333 333 333 111 222 111 111 444 444
 44 44   44   44    III PBP 333 131 333 111 111 222 444 444 444
 45 45   45   45    NNN AAA 222 333 222 111 111 111 444 444 444
 46 46   46   46    EEE BBB 111 333 333 111 333 111 111 444 444
 47 47   47   47    NNN PPP 333 111 333 111 222 212 444 444 444
 48 48   48   48    VVV AAA 333 333 222 111 222 444 444 444 444
 49 49   49   49    RRR PPP 111 111 333 111 111 111 111 222 444
 50 50   50   50    GGG LLL 333 222 222 111 444 444 444 444 444
 51 51   51   51    GGG PPP 333 111 333 111 444 444 444 444 444
 52 52   52   52    DDD BBB 333 333 333 111 222 111 444 444 444
 53 53   53   53    III PPP 333 333 333 111 111 222 444 444 444
 54 54   54   54    FFF BBB 333 333 333 111 111 222 444 444 444
 55 55   55   55    III BBB 333 333 333 111 111 111 444 444 444
 56 56   56   56    III BBB 333 333 333 111 111 111 444 444 444
 57 57   57   57    QQQ BBB 333 333 333 111 222 131 111 444 444
 58 58   58   58    SSS PPP 333 111 333 111 222 444 444 444 444
 59 59   59   59    TTT ABA 333 333 222 111 222 444 444 444 444
 60 60   60   60    CCC PPP 111 333 333 111 333 444 444 444 444
 61 61   61   61    AAA PPP 222 111 333 222 444 444 444 444 444
 62 62   62   62    PPP PPP 333 111 222 111 222 111 222 444 444
 63 63   63   63    TTT AAA 222 111 111 111 111 444 444 444 444
 64 64   64   64    NNN AAA 222 111 111 111 111 111 444 444 444
 65 65   65   65    DDD AAA 222 111 111 111 111 111 444 444 444
 66 66   66   66    NNN AAA 222 111 111 111 111 111 444 444 444
 67 67   67   67    LLL AAA 222 111 111 111 222 222 444 444 444
 68 68   68   68    MMM AAA 222 111 111 111 111 222 111 444 444
 69 69   69   69    EEE AAA 222 111 111 111 212 111 111 444 444
 70 70   70   70    LLL AAA 222 111 111 111 222 222 444 444 444
 71 71   71   71    VVV AAA 222 111 111 111 222 444 444 444 444
 72 72   72   72    VVV AAA 222 111 111 111 121 444 444 444 444
 73 73   73   73    MMM AAA 222 111 111 111 111 111 323 444 444
 74 74   74   74    VVV AAA 222 111 111 111 111 444 444 444 444
 75 75   75   75    DDD AAA 222 111 111 111 222 121 444 444 444
 76 76   76   76    AAA AAA 222 111 111 111 444 444 444 444 444
 77 77   77   77    LLL AAA 222 111 111 111 111 111 444 444 444
 78 78   78   78    RRR AAA 222 111 111 111 222 111 333 222 444
 79 79   79   79    RRR AAA 222 111 111 111 111 111 111 222 444
 80 80   80   80    AAA AAA 333 333 222 111 444 444 444 444 444
 81 81   81   81    SSS LLL 333 222 222 111 222 444 444 444 444
 82 82   82   82    AAA PPP 333 111 333 111 444 444 444 444 444
 83 83   83   83    GGG AAA 121 111 111 111 444 444 444 444 444
 84 84   84   84    RRR BBB 333 333 333 111 222 111 333 111 444
 85 85   85   85    III BBB 333 333 333 111 111 111 444 444 444
 86 86   86   86    TTT BBB 333 333 333 111 111 444 444 444 444
 87 87   87   87    AAA BBB 333 313 333 111 444 444 444 444 444
 88 88   88   88    VVV BBB 333 333 333 111 111 444 444 444 444
 89 89   89   89    III BBB 333 333 333 111 111 111 444 444 444
 90 90   90   90    PPP AAA 222 111 111 111 111 222 111 444 444
 91 91   91   91    YYY BBB 333 333 333 111 222 222 444 444 444
 92 92   92   92    FFF BBB 333 333 333 111 222 222 444 444 444
 93 93   93   93    GGG PPP 222 111 333 111 444 444 444 444 444
 94 94   94   94    YYY LLL 333 222 222 111 111 111 444 444 444
 95 95   95   95    AAA AAA 222 111 111 111 444 444 444 444 444
 96 96   96   96    RRR AAA 222 111 111 111 111 111 222 111 444
 97 97   97   97    QQQ BBB 333 333 323 111 212 313 111 444 444
 98 98   98   98    DDD AAA 222 333 222 111 333 111 444 444 444
 99 99   99   99    RRR BBB 333 333 333 111 333 111 111 212 444
100 100  100  100   RRR BBB 333 333 333 111 111 111 323 111 444
101 101  101  101   VVV PPP 111 111 333 111 111 444 444 444 444
102 102  102  102   RRR LLL 111 222 222 111 111 111 111 333 444
103 103  103  103   SSS LLL 333 222 222 111 222 444 444 444 444
104  ---- ---- ---- --- --- --- --- --- --- --- --- --- --- ---
105 104  104  104   AAA PPP 333 111 333 111 444 444 444 444 444
106 105  105  105   RRR BBB 333 111 222 111 111 111 111 333 444
107 106  106  106   VVV BBB 333 333 333 111 222 444 444 444 444
108 107  107  107   PPP PPP 333 111 222 111 222 111 222 444 444
109 108  108  108   III BBB 333 333 333 111 111 111 444 444 444
110 109  109  109   TTT AAA 222 111 111 111 111 444 444 444 444
111 110  110  110   AAA AAA 222 111 111 111 444 444 444 444 444
112 111  111  111   KKK AAA 222 111 111 111 222 333 111 222 444
113 112  112  112   VVV AAA 222 111 111 111 111 444 444 444 444
114 113  113  113   VVV AAA 222 111 111 111 111 444 444 444 444
115 114  114  114   AAA AAA 222 111 111 111 444 444 444 444 444
116 115  115  115   DDD AAA 222 111 111 111 111 111 444 444 444
117 116  116  116   FFF AAA 222 111 111 111 111 222 444 444 444
118 117  117  117   LLL AAA 222 111 111 111 111 111 444 444 444
119 118  118  118   SSS AAA 222 111 111 111 222 444 444 444 444
120 119  119  119   SSS AAA 222 111 111 111 333 444 444 444 444
121 120  120  120   VVV AAA 333 111 111 111 222 444 444 444 444
122 121  121  121   GGG LLL 333 222 222 111 444 444 444 444 444
123 122  122  122   VVV PPP 333 111 333 111 111 444 444 444 444
124 123  123  123   DDD AAA 212 333 111 111 111 111 444 444 444
125 124  124  124   RRR BBB 333 333 333 111 232 111 222 313 444
126 125  125  125   VVV BBB 333 333 333 111 111 444 444 444 444
127 126  126  126   LLL BBB 333 333 333 111 222 222 444 444 444
128 127  127  127   TTT BBB 333 333 333 111 232 444 444 444 444
129 128  128  128   VVV BBB 111 333 333 111 111 444 444 444 444
130 129  129  129   DDD LLL 333 222 222 111 111 111 444 444 444
131 130  130  130   LLL PPP 333 111 333 111 111 111 444 444 444
132 131  131  131   HHH AAA 222 111 111 111 222 222 444 444 444
133 132  132  132   AAA BBB 333 333 333 111 444 444 444 444 444
134 133  133  133   EEE AAA 222 111 111 111 111 111 212 444 444
135 134  134  134   QQQ AAA 222 111 111 111 111 333 111 444 444
136 135  135  135   III AAA 222 111 111 111 111 111 444 444 444
137 136  136  136   QQQ AAA 222 111 111 111 111 111 111 444 444
138 137  137  137   GGG AAA 222 111 222 111 444 444 444 444 444
139 138  138  138   FFF AAA 222 111 111 111 111 222 444 444 444
140 139  139  139   FFF BBB 333 333 333 111 111 222 444 444 444
141 140  140  140   DDD AAA 222 313 111 111 111 212 444 444 444
142 141  141  141   VVV PPP 111 111 333 111 222 444 444 444 444
143 142  142  142   PPP PPP 333 111 222 111 111 222 111 444 444
144 143  143  143   VVV BBB 333 333 333 111 111 444 444 444 444
145 144  144  144   DDD BBB 333 333 333 111 111 111 444 444 444
146 145  145  145   NNN BBB 333 333 333 111 222 111 444 444 444
147 146  146  146   VVV BPB 333 313 333 111 111 444 444 444 444
148 147  147  147   FFF PBP 333 131 333 111 111 111 444 444 444
149 148  148  148   GGG AAA 222 111 222 111 444 444 444 444 444
150 149  149  149   SSS AAA 222 111 111 111 111 444 444 444 444
151 150  150  150   PPP AAA 222 111 111 111 131 212 121 444 444
152 151  151  151   III AAA 222 111 111 111 111 222 444 444 444
153 152  152  152   LLL AAA 222 111 111 111 111 111 444 444 444
154 153  153  153   LLL AAA 222 111 111 111 222 222 444 444 444
155 154  154  154   EEE AAA 222 111 111 111 222 111 121 444 444
156 155  155  155   DDD AAA 222 111 111 111 222 222 444 444 444
157 156  156  156   MMM AAA 222 111 111 111 111 111 333 444 444
158 157  157  157   LLL AAA 222 111 111 111 111 111 444 444 444
159 158  158  158   QQQ AAA 222 313 212 111 111 111 111 444 444
160 159  159  159   LLL AAA 333 313 111 111 111 111 444 444 444
161 160  160  160   NNN LLL 333 222 222 111 111 111 444 444 444
162 161  161  161   LLL PPP 333 111 333 111 111 111 444 444 444
163  ---- ---- ---- --- --- --- --- --- --- --- --- --- --- ---
164  ---- ---- ---- --- --- --- --- --- --- --- --- --- --- ---
165 162  162  162   DDD BBB 111 333 333 111 141 121 444 444 444
166 163  163  163   NNN LLL 333 222 222 111 222 111 444 444 444
167 164  164  164   PPP PPP 333 111 222 111 222 111 222 444 444
168 165  165  165   III BBB 333 333 333 111 333 111 444 444 444
169 166  166  166   VVV BBB 333 333 333 111 111 444 444 444 444
170 167  167  167   VVV BBB 333 333 333 111 131 444 444 444 444
171 168  168  168   SSS BBB 333 333 333 111 131 444 444 444 444
172 169  169  169   PPP AAA 222 111 111 111 232 121 212 444 444
173 170  170  170   DDD BBB 333 333 333 111 333 111 444 444 444
174 171  171  171   III AAA 222 111 111 111 111 222 444 444 444
175 172  172  172   GGG AAA 222 111 222 111 444 444 444 444 444
176 173  173  173   GGG AAA 222 111 222 111 444 444 444 444 444
177 174  174  174   VVV AAA 222 111 111 111 111 444 444 444 444
178  ---- ---- ---- --- --- --- --- --- --- --- --- --- --- ---
179 175  175  175   VVV AAA 222 111 111 111 111 444 444 444 444
180 176  176  176   RRR AAA 222 111 111 111 222 111 222 232 444
181 177  177  177   AAA AAA 222 111 111 111 444 444 444 444 444
182 178  178  178   RRR AAA 222 111 111 111 222 131 111 212 444
183 179  179  179   AAA AAA 222 111 111 111 444 444 444 444 444
184 180  180  180   III AAA 222 111 111 111 111 212 444 444 444
185 181  181  181   AAA AAA 222 111 111 111 444 444 444 444 444
186 182  182  182   KKK AAA 222 111 111 111 141 141 343 141 444
187 183  183  183   LLL AAA 222 111 111 111 111 111 444 444 444
188 184  184  184   LLL BBB 111 313 222 111 222 222 444 444 444
189 185  185  185   NNN LLL 111 222 222 111 111 111 444 444 444
190 186  186  186   DDD LLL 333 222 222 111 222 111 444 444 444
191 187  187  187   TTT PPP 111 111 333 111 232 444 444 444 444
192 188  188  188   DDD PPP 333 313 333 111 111 111 444 444 444
193 189  189  189   MMM BBB 333 333 333 111 323 111 121 444 444
194 190  190  190   AAA BBB 333 333 333 111 444 444 444 444 444
195 191  191  191   III BBB 333 333 333 111 111 111 444 444 444
196 192  192  192   III PBP 333 333 333 111 111 212 444 444 444
197 193  193  193   DDD BBB 333 333 333 111 222 111 444 444 444
198 194  194  194   KKK BPB 333 313 333 111 242 141 343 343 444
199  ----195   ---- -R- -A- -1- -3- -2- -2- -4- -4- -4- -4- -4-
200 195   ----195   R-R B-B 1-1 3-3 3-3 1-1 1-1 2-2 1-1 3-3 4-4
201 196   ----196   R-R E-E 1-1 2-2 1-1 1-1 1-1 1-1 3-3 3-3 4-4
202 203   ----203   Q-Q A-A 2-2 3-3 2-2 1-1 3-3 1-1 1-1 4-4 4-4
203  ---- ---- ---- --- --- --- --- --- --- --- --- --- --- ---
204 204  204  204   VVV PEP 313 323 333 111 323 444 444 444 444
205 205  205  205   MMM BPB 333 313 333 111 111 111 333 444 444
206 206  206  206   HHH BBB 333 333 333 111 141 242 444 444 444
207 207  207  207   III BPB 333 333 333 111 111 111 444 444 444
208 208  208  208   III BBB 222 333 333 111 111 111 444 444 444
209 209  209  209   GGG EBE 111 232 333 111 444 444 444 444 444
210 210  210  210   DDD BBB 333 333 333 111 323 212 444 444 444
211 211  211  211   VVV AAA 333 333 212 111 222 444 444 444 444
212 212  212  212   AAA PPP 111 111 333 111 444 444 444 444 444
213 213  213  213   GGG LLL 222 222 222 111 444 444 444 444 444
214 214  214  214   RRR BBB 333 333 333 111 111 111 333 111 444
215 215  215  215   DDD PPP 333 111 333 111 111 111 444 444 444
216 216  216  216   CCC BBB 333 333 333 111 111 444 444 444 444
217 217  217  217   VVV BBB 333 333 333 111 111 444 444 444 444
218 218  218  218   LLL BPB 333 111 333 111 111 111 444 444 444
219 219  219  219   VVV BBB 333 333 333 111 222 444 444 444 444
220 220  220  220   DDD BBB 333 333 333 111 222 111 444 444 444
221 221  221  221   DDD AAA 222 111 111 111 333 111 444 444 444
222 222  222  222   MMM BBB 333 333 333 111 333 131 212 444 444
223 223  223  223   III BBB 333 333 333 111 111 111 444 444 444
224 224  224  224   DDD AAA 111 131 111 111 222 111 444 444 444
225 225  225  225   TTT AAA 333 313 111 111 222 444 444 444 444
226 226  226  226   GGG LLL 232 222 222 111 444 444 444 444 444
227 227  227  227   GGG AAA 222 111 111 111 444 444 444 444 444
228 228  228  228   TTT AAA 222 111 111 111 313 444 444 444 444
229 229  229  229   LLL AAA 222 111 111 111 222 222 444 444 444
230 230  230  230   CCC AAA 222 111 111 111 111 444 444 444 444
231 231  231  231   KKK AAA 222 111 111 111 111 111 111 232 444
232 232  232  232   AAA AAA 222 111 111 111 444 444 444 444 444
233 233  233  233   AAA AAA 222 111 111 111 444 444 444 444 444
234 234  234  234   EEE AAA 222 111 111 111 222 131 121 444 444
235 235  235  235   AAA AAA 222 111 111 111 444 444 444 444 444
236 236  236  236   LLL AAA 222 111 111 111 111 111 444 444 444
237 237  237  237   KKK AAA 222 111 111 111 111 111 111 313 444
238 238  238  238   EEE AAA 222 111 111 111 222 222 212 444 444
239 239  239  239   RRR AAA 333 131 222 111 111 222 222 121 444
240 240  240  240   GGG LLL 333 222 222 111 444 444 444 444 444
241 241  241  241   AAA BPB 333 313 333 111 444 444 444 444 444
242 242  242  242   KKK AAA 111 111 111 111 121 111 232 131 444
243 243  243  243   RRR BBB 333 333 333 111 111 111 222 111 444
244 244  244  244   VVV BBB 333 333 333 111 111 444 444 444 444
245 245  245  245   FFF BBB 333 333 333 111 111 121 444 444 444
246 246  246  246   AAA BBB 333 333 333 111 444 444 444 444 444
247 247  247  247   YYY BBB 333 333 333 111 111 222 444 444 444
248 248  248  248   AAA BBB 333 333 333 111 444 444 444 444 444
249 249  249  249   TTT AAA 222 313 111 111 111 444 444 444 444
250 250  250  250   HHH BBB 333 333 333 111 111 111 444 444 444
251 251  251  251   PPP BBB 333 111 222 111 222 111 222 444 444
252 252  252  252   III AAA 333 111 111 111 111 111 444 444 444
253 253  253  253   FFF LLL 333 222 222 111 111 111 444 444 444
254 254  254  254   SSS BPB 121 313 333 111 111 444 444 444 444
255 255  255  255   GGG EEE 111 222 333 111 444 444 444 444 444
256 256  256  256   NNN AAA 333 333 222 111 222 212 444 444 444
257 257  257  257   AAA AAA 222 111 111 111 444 444 444 444 444
258 258  258  258   AAA AAA 222 111 111 111 444 444 444 444 444
259 259  259  259   NNN AAA 222 111 111 111 111 111 444 444 444
260 260  260  260   NNN AAA 222 111 111 111 111 111 444 444 444
261 261  261  261   LLL AAA 222 111 111 111 111 111 444 444 444
262 262  262  262   RRR AAA 222 111 111 111 222 111 232 111 444
263 263  263  263   NNN AAA 222 333 222 111 111 111 444 444 444
264 264  264  264   SSS BPB 333 313 333 111 111 444 444 444 444
265 265  265  265   VVV AAA 333 333 222 111 222 444 444 444 444
266 266  266  266   III PPP 333 111 333 111 111 111 444 444 444
267 267  267  267   DDD AAA 212 111 111 111 111 111 444 444 444
268 268  268  268   EEE BBB 333 333 333 111 121 212 212 444 444
269 269  269  269   VVV BBB 333 333 333 111 111 444 444 444 444
270 270  270  270   VVV BBB 333 333 333 111 111 444 444 444 444
271 271  271  271   VVV BBB 333 333 333 111 222 444 444 444 444
272 272  272  272   CCC PPP 333 333 333 111 111 444 444 444 444
273 273  273  273   DDD AAA 222 333 222 111 333 111 444 444 444
274 274  274  274   TTT AAA 222 111 111 111 222 444 444 444 444
275 275  275  275   III BBB 333 333 333 111 111 111 444 444 444
276 276  276  276   PPP PPP 333 111 222 111 232 121 212 444 444
277 277  277  277   LLL PPP 333 131 333 111 111 111 444 444 444
278 278  278  278   SSS PPP 333 111 333 111 111 444 444 444 444
279  ---- ---- ---- --- --- --- --- --- --- --- --- --- --- ---
280 279  279  279   DDD AAA 222 111 111 111 111 111 444 444 444
281  ---- ---- ---- --- --- --- --- --- --- --- --- --- --- ---
282 280  280  280   EEE AAA 222 111 111 111 222 313 212 444 444
283 281  281  281   III AAA 222 111 111 111 111 212 444 444 444
284 282  282  282   KKK AAA 222 111 111 111 141 141 343 141 444
285 283  283  283   SSS AAA 222 111 111 111 121 444 444 444 444
286 284  284  284   LLL PPP 333 111 333 111 111 111 444 444 444
287 285  285  285   PPP AAA 222 111 111 111 222 111 222 444 444
288 286  286  286   NNN AAA 222 333 222 111 333 111 444 444 444
289 287  287  287   VVV BBB 333 333 333 111 111 444 444 444 444
290 288  288  288   RRR BBB 333 333 333 111 222 111 333 333 444
291 289  289  289   TTT BBB 333 333 333 111 121 444 444 444 444
292 290  290  290   LLL BBB 333 333 333 111 111 111 444 444 444
293 291  291  291   TTT BBB 333 333 333 111 333 444 444 444 444
294 292  292  292   LLL AAA 222 333 222 111 111 111 444 444 444
295 293  293  293   SSS AAA 222 111 111 111 111 444 444 444 444
296 294  294  294   GGG AAA 222 111 111 111 444 444 444 444 444
297 295  295  295   MMM AAA 222 111 111 111 222 111 313 444 444
298 296  296  296   LLL AAA 222 111 111 111 111 111 444 444 444
299 297  297  297   AAA AAA 222 111 111 111 444 444 444 444 444
300 298  298  298   EEE AAA 222 111 111 111 222 333 111 444 444
301 299  299  299   AAA AAA 222 111 111 111 444 444 444 444 444
302 300  300  300   III AAA 222 111 111 111 111 111 444 444 444
303 301  301  301   RRR AAA 222 111 111 111 222 111 131 131 444
304 302  302  302   RRR AAA 222 111 111 111 111 111 111 222 444
305 303  303  303   III AAA 222 111 111 111 111 111 444 444 444
306 304  304  304   SSS AAA 222 111 111 111 333 444 444 444 444
307 305  305  305   NNN AAA 333 333 222 111 111 111 444 444 444
308 306  306  306   EEE LLL 333 222 222 111 111 212 212 444 444
309  ---- ---- ---- --- --- --- --- --- --- --- --- --- --- ---
310 307  307  307   EEE PBP 111 333 333 111 111 111 111 444 444
311 308  308  308   SSS PPP 333 111 333 111 333 444 444 444 444
312 309  309  309   III AAA 222 333 111 111 313 323 444 444 444
313 310  310  310   SSS AAA 222 111 111 111 121 444 444 444 444
314 311  311  311   AAA AAA 222 111 111 111 444 444 444 444 444
315 312  312  312   MMM AAA 222 111 111 111 111 222 121 444 444
316 313  313  313   FFF ABA 242 333 232 111 111 121 444 444 444
317 314  314  314   EEE BUB 444 333 343 141 141 242 111 444 444
318 315   ----315   H-H U-U 4-4 3-3 4-4 4-4 1-1 2-2 4-4 4-4 4-4

Sequence identity comparison (ID_TABLE):

   Diagonal       ... number of residues;
   Upper triangle ... number of identical residues;
   Lower triangle ... % sequence identity, id/min(length).

         p1A   @2p2A   @2p3A   @2p4A   @2p5A   @2p6A   @2
p1A   @2      298     148     135     150     149     150
p2A   @2       51     290     134     179     179     179
p3A   @2       45      46     298     125     125     125
p4A   @2       50      62      42     307     303     307
p5A   @2       50      62      42      99     305     303
p6A   @2       50      62      42     100      99     307


Weighted pair-group average clustering based on a distance matrix:


              .---------------------------------------------------- p1A   @2.3    49.5000
              |
              |          .----------------------------------------- p2A   @2.3    38.0000
              |          |
              |          |                                     .--- p4A   @2.3     0.0000
              |          |                                     |
              |          |                                    .---- p6A   @2.3     1.0000
              |          |                                    |
        .---------------------------------------------------------- p5A   @2.2    55.5000
        |
      .------------------------------------------------------------ p3A   @2.4

      +----+----+----+----+----+----+----+----+----+----+----+----+
    57.7200   47.7300   37.7400   27.7500   17.7600    7.7700   -2.2200
         52.7250   42.7350   32.7450   22.7550   12.7650    2.7750



Total CPU time [seconds]                                 :       0.50
